{"/app/postcss.config.js": {"path":"/app/postcss.config.js","all":true,"statementMap":{"0":{"start":{"line":1,"column":0},"end":{"line":1,"column":16}},"1":{"start":{"line":2,"column":0},"end":{"line":2,"column":12}},"2":{"start":{"line":3,"column":0},"end":{"line":3,"column":31}},"3":{"start":{"line":4,"column":0},"end":{"line":4,"column":4}},"4":{"start":{"line":5,"column":0},"end":{"line":5,"column":2}}},"s":{"0":0,"1":0,"2":0,"3":0,"4":0},"branchMap":{"0":{"type":"branch","line":1,"loc":{"start":{"line":1,"column":69},"end":{"line":5,"column":2}},"locations":[{"start":{"line":1,"column":69},"end":{"line":5,"column":2}}]}},"b":{"0":[0]},"fnMap":{"0":{"name":"(empty-report)","decl":{"start":{"line":1,"column":69},"end":{"line":5,"column":2}},"loc":{"start":{"line":1,"column":69},"end":{"line":5,"column":2}},"line":1}},"f":{"0":0}}
,"/app/tailwind.config.js": {"path":"/app/tailwind.config.js","all":true,"statementMap":{"0":{"start":{"line":1,"column":0},"end":{"line":1,"column":43}},"1":{"start":{"line":2,"column":0},"end":{"line":2,"column":16}},"2":{"start":{"line":3,"column":0},"end":{"line":3,"column":58}},"3":{"start":{"line":4,"column":0},"end":{"line":4,"column":20}},"4":{"start":{"line":5,"column":0},"end":{"line":5,"column":10}},"5":{"start":{"line":6,"column":0},"end":{"line":6,"column":15}},"6":{"start":{"line":7,"column":0},"end":{"line":7,"column":4}},"7":{"start":{"line":8,"column":0},"end":{"line":8,"column":14}},"8":{"start":{"line":9,"column":0},"end":{"line":9,"column":2}}},"s":{"0":0,"1":0,"2":0,"3":0,"4":0,"5":0,"6":0,"7":0,"8":0},"branchMap":{"0":{"type":"branch","line":1,"loc":{"start":{"line":1,"column":190},"end":{"line":9,"column":2}},"locations":[{"start":{"line":1,"column":190},"end":{"line":9,"column":2}}]}},"b":{"0":[0]},"fnMap":{"0":{"name":"(empty-report)","decl":{"start":{"line":1,"column":190},"end":{"line":9,"column":2}},"loc":{"start":{"line":1,"column":190},"end":{"line":9,"column":2}},"line":1}},"f":{"0":0}}
,"/app/src/App.jsx": {"path":"/app/src/App.jsx","all":false,"statementMap":{"0":{"start":{"line":1,"column":0},"end":{"line":1,"column":44}},"1":{"start":{"line":2,"column":0},"end":{"line":2,"column":49}},"3":{"start":{"line":4,"column":0},"end":{"line":4,"column":41}},"4":{"start":{"line":5,"column":0},"end":{"line":5,"column":85}},"5":{"start":{"line":6,"column":0},"end":{"line":6,"column":50}},"6":{"start":{"line":7,"column":0},"end":{"line":7,"column":40}},"7":{"start":{"line":8,"column":0},"end":{"line":8,"column":48}},"8":{"start":{"line":9,"column":0},"end":{"line":9,"column":63}},"10":{"start":{"line":11,"column":0},"end":{"line":11,"column":31}},"11":{"start":{"line":12,"column":0},"end":{"line":12,"column":50}},"12":{"start":{"line":13,"column":0},"end":{"line":13,"column":52}},"13":{"start":{"line":14,"column":0},"end":{"line":14,"column":26}},"14":{"start":{"line":15,"column":0},"end":{"line":15,"column":71}},"15":{"start":{"line":16,"column":0},"end":{"line":16,"column":12}},"16":{"start":{"line":17,"column":0},"end":{"line":17,"column":31}},"17":{"start":{"line":18,"column":0},"end":{"line":18,"column":5}},"18":{"start":{"line":19,"column":0},"end":{"line":19,"column":5}},"20":{"start":{"line":21,"column":0},"end":{"line":21,"column":19}},"21":{"start":{"line":22,"column":0},"end":{"line":22,"column":19}},"22":{"start":{"line":23,"column":0},"end":{"line":23,"column":53}},"23":{"start":{"line":24,"column":0},"end":{"line":24,"column":54}},"24":{"start":{"line":25,"column":0},"end":{"line":25,"column":49}},"25":{"start":{"line":26,"column":0},"end":{"line":26,"column":12}},"26":{"start":{"line":27,"column":0},"end":{"line":27,"column":56}},"27":{"start":{"line":28,"column":0},"end":{"line":28,"column":46}},"28":{"start":{"line":29,"column":0},"end":{"line":29,"column":57}},"29":{"start":{"line":30,"column":0},"end":{"line":30,"column":5}},"30":{"start":{"line":31,"column":0},"end":{"line":31,"column":58}},"31":{"start":{"line":32,"column":0},"end":{"line":32,"column":17}},"33":{"start":{"line":34,"column":0},"end":{"line":34,"column":10}},"34":{"start":{"line":35,"column":0},"end":{"line":35,"column":8}},"35":{"start":{"line":36,"column":0},"end":{"line":36,"column":127}},"37":{"start":{"line":38,"column":0},"end":{"line":38,"column":62}},"38":{"start":{"line":39,"column":0},"end":{"line":39,"column":12}},"39":{"start":{"line":40,"column":0},"end":{"line":40,"column":16}},"40":{"start":{"line":41,"column":0},"end":{"line":41,"column":16}},"41":{"start":{"line":42,"column":0},"end":{"line":42,"column":32}},"42":{"start":{"line":43,"column":0},"end":{"line":43,"column":54}},"43":{"start":{"line":44,"column":0},"end":{"line":44,"column":12}},"44":{"start":{"line":45,"column":0},"end":{"line":45,"column":75}},"45":{"start":{"line":46,"column":0},"end":{"line":46,"column":77}},"47":{"start":{"line":48,"column":0},"end":{"line":48,"column":16}},"48":{"start":{"line":49,"column":0},"end":{"line":49,"column":52}},"49":{"start":{"line":50,"column":0},"end":{"line":50,"column":65}},"50":{"start":{"line":51,"column":0},"end":{"line":51,"column":12}},"51":{"start":{"line":52,"column":0},"end":{"line":52,"column":67}},"52":{"start":{"line":53,"column":0},"end":{"line":53,"column":17}},"53":{"start":{"line":54,"column":0},"end":{"line":54,"column":13}},"54":{"start":{"line":55,"column":0},"end":{"line":55,"column":10}},"56":{"start":{"line":57,"column":0},"end":{"line":57,"column":1}}},"s":{"0":1,"1":1,"3":1,"4":1,"5":1,"6":1,"7":1,"8":1,"10":11,"11":11,"12":9,"13":9,"14":7,"15":9,"16":2,"17":2,"18":11,"20":11,"21":11,"22":3,"23":3,"24":3,"25":11,"26":8,"27":8,"28":8,"29":8,"30":11,"31":11,"33":11,"34":11,"35":11,"37":11,"38":11,"39":11,"40":11,"41":11,"42":11,"43":11,"44":11,"45":11,"47":11,"48":11,"49":11,"50":11,"51":11,"52":11,"53":11,"54":11,"56":11},"branchMap":{"0":{"type":"branch","line":11,"loc":{"start":{"line":11,"column":0},"end":{"line":57,"column":1}},"locations":[{"start":{"line":11,"column":0},"end":{"line":57,"column":1}}]},"1":{"type":"branch","line":36,"loc":{"start":{"line":36,"column":30},"end":{"line":36,"column":50}},"locations":[{"start":{"line":36,"column":30},"end":{"line":36,"column":50}}]},"2":{"type":"branch","line":36,"loc":{"start":{"line":36,"column":41},"end":{"line":36,"column":52}},"locations":[{"start":{"line":36,"column":41},"end":{"line":36,"column":52}}]},"3":{"type":"branch","line":12,"loc":{"start":{"line":12,"column":43},"end":{"line":19,"column":3}},"locations":[{"start":{"line":12,"column":43},"end":{"line":19,"column":3}}]},"4":{"type":"branch","line":14,"loc":{"start":{"line":14,"column":25},"end":{"line":16,"column":11}},"locations":[{"start":{"line":14,"column":25},"end":{"line":16,"column":11}}]},"5":{"type":"branch","line":16,"loc":{"start":{"line":16,"column":4},"end":{"line":18,"column":5}},"locations":[{"start":{"line":16,"column":4},"end":{"line":18,"column":5}}]},"6":{"type":"branch","line":21,"loc":{"start":{"line":21,"column":12},"end":{"line":32,"column":5}},"locations":[{"start":{"line":21,"column":12},"end":{"line":32,"column":5}}]},"7":{"type":"branch","line":22,"loc":{"start":{"line":22,"column":18},"end":{"line":26,"column":11}},"locations":[{"start":{"line":22,"column":18},"end":{"line":26,"column":11}}]},"8":{"type":"branch","line":26,"loc":{"start":{"line":26,"column":4},"end":{"line":30,"column":5}},"locations":[{"start":{"line":26,"column":4},"end":{"line":30,"column":5}}]}},"b":{"0":[11],"1":[3],"2":[8],"3":[9],"4":[7],"5":[2],"6":[11],"7":[3],"8":[8]},"fnMap":{"0":{"name":"App","decl":{"start":{"line":11,"column":0},"end":{"line":57,"column":1}},"loc":{"start":{"line":11,"column":0},"end":{"line":57,"column":1}},"line":11}},"f":{"0":11}}
,"/app/src/i18n.js": {"path":"/app/src/i18n.js","all":false,"statementMap":{"0":{"start":{"line":1,"column":0},"end":{"line":1,"column":27}},"1":{"start":{"line":2,"column":0},"end":{"line":2,"column":64}},"2":{"start":{"line":3,"column":0},"end":{"line":3,"column":43}},"3":{"start":{"line":4,"column":0},"end":{"line":4,"column":49}},"6":{"start":{"line":7,"column":0},"end":{"line":7,"column":4}},"7":{"start":{"line":8,"column":0},"end":{"line":8,"column":43}},"8":{"start":{"line":9,"column":0},"end":{"line":9,"column":24}},"9":{"start":{"line":10,"column":0},"end":{"line":10,"column":24}},"10":{"start":{"line":11,"column":0},"end":{"line":11,"column":9}},"11":{"start":{"line":12,"column":0},"end":{"line":12,"column":32}},"12":{"start":{"line":13,"column":0},"end":{"line":13,"column":22}},"13":{"start":{"line":14,"column":0},"end":{"line":14,"column":86}},"14":{"start":{"line":15,"column":0},"end":{"line":15,"column":45}},"15":{"start":{"line":16,"column":0},"end":{"line":16,"column":29}},"16":{"start":{"line":17,"column":0},"end":{"line":17,"column":16}},"17":{"start":{"line":18,"column":0},"end":{"line":18,"column":14}},"18":{"start":{"line":19,"column":0},"end":{"line":19,"column":22}},"19":{"start":{"line":20,"column":0},"end":{"line":20,"column":17}},"20":{"start":{"line":21,"column":0},"end":{"line":21,"column":23}},"21":{"start":{"line":22,"column":0},"end":{"line":22,"column":25}},"22":{"start":{"line":23,"column":0},"end":{"line":23,"column":20}},"23":{"start":{"line":24,"column":0},"end":{"line":24,"column":18}},"24":{"start":{"line":25,"column":0},"end":{"line":25,"column":15}},"25":{"start":{"line":26,"column":0},"end":{"line":26,"column":20}},"26":{"start":{"line":27,"column":0},"end":{"line":27,"column":8}},"27":{"start":{"line":28,"column":0},"end":{"line":28,"column":41}},"28":{"start":{"line":29,"column":0},"end":{"line":29,"column":6}},"29":{"start":{"line":30,"column":0},"end":{"line":30,"column":14}},"30":{"start":{"line":31,"column":0},"end":{"line":31,"column":93}},"31":{"start":{"line":32,"column":0},"end":{"line":32,"column":6}},"32":{"start":{"line":33,"column":0},"end":{"line":33,"column":12}},"33":{"start":{"line":34,"column":0},"end":{"line":34,"column":82}},"34":{"start":{"line":35,"column":0},"end":{"line":35,"column":6}},"35":{"start":{"line":36,"column":0},"end":{"line":36,"column":20}},"36":{"start":{"line":37,"column":0},"end":{"line":37,"column":61}},"37":{"start":{"line":38,"column":0},"end":{"line":38,"column":6}},"38":{"start":{"line":39,"column":0},"end":{"line":39,"column":5}},"40":{"start":{"line":41,"column":0},"end":{"line":41,"column":20}}},"s":{"0":1,"1":1,"2":1,"3":1,"6":1,"7":1,"8":1,"9":1,"10":1,"11":1,"12":1,"13":1,"14":1,"15":1,"16":1,"17":1,"18":1,"19":1,"20":1,"21":1,"22":1,"23":1,"24":1,"25":1,"26":1,"27":1,"28":1,"29":1,"30":1,"31":1,"32":1,"33":1,"34":1,"35":1,"36":1,"37":1,"38":1,"40":1},"branchMap":{},"b":{},"fnMap":{},"f":{}}
,"/app/src/main.jsx": {"path":"/app/src/main.jsx","all":true,"statementMap":{"0":{"start":{"line":1,"column":0},"end":{"line":1,"column":59}},"1":{"start":{"line":2,"column":0},"end":{"line":2,"column":40}},"2":{"start":{"line":3,"column":0},"end":{"line":3,"column":49}},"4":{"start":{"line":5,"column":0},"end":{"line":5,"column":24}},"5":{"start":{"line":6,"column":0},"end":{"line":6,"column":21}},"6":{"start":{"line":7,"column":0},"end":{"line":7,"column":45}},"8":{"start":{"line":9,"column":0},"end":{"line":9,"column":60}},"9":{"start":{"line":10,"column":0},"end":{"line":10,"column":20}},"10":{"start":{"line":11,"column":0},"end":{"line":11,"column":36}},"11":{"start":{"line":12,"column":0},"end":{"line":12,"column":11}},"13":{"start":{"line":14,"column":0},"end":{"line":14,"column":21}},"14":{"start":{"line":15,"column":0},"end":{"line":15,"column":15}},"15":{"start":{"line":16,"column":0},"end":{"line":16,"column":22}},"16":{"start":{"line":17,"column":0},"end":{"line":17,"column":15}},"17":{"start":{"line":18,"column":0},"end":{"line":18,"column":21}},"18":{"start":{"line":19,"column":0},"end":{"line":19,"column":2}}},"s":{"0":0,"1":0,"2":0,"4":0,"5":0,"6":0,"8":0,"9":0,"10":0,"11":0,"13":0,"14":0,"15":0,"16":0,"17":0,"18":0},"branchMap":{"0":{"type":"branch","line":1,"loc":{"start":{"line":1,"column":444},"end":{"line":19,"column":-337}},"locations":[{"start":{"line":1,"column":444},"end":{"line":19,"column":-337}}]}},"b":{"0":[0]},"fnMap":{"0":{"name":"(empty-report)","decl":{"start":{"line":1,"column":444},"end":{"line":19,"column":-337}},"loc":{"start":{"line":1,"column":444},"end":{"line":19,"column":-337}},"line":1}},"f":{"0":0}}
,"/app/src/components/ExerciseRunner.jsx": {"path":"/app/src/components/ExerciseRunner.jsx","all":false,"statementMap":{"0":{"start":{"line":1,"column":0},"end":{"line":1,"column":56}},"1":{"start":{"line":2,"column":0},"end":{"line":2,"column":55}},"2":{"start":{"line":3,"column":0},"end":{"line":3,"column":57}},"3":{"start":{"line":4,"column":0},"end":{"line":4,"column":47}},"4":{"start":{"line":5,"column":0},"end":{"line":5,"column":31}},"6":{"start":{"line":7,"column":0},"end":{"line":7,"column":70}},"12":{"start":{"line":13,"column":0},"end":{"line":13,"column":55}},"13":{"start":{"line":14,"column":0},"end":{"line":14,"column":50}},"14":{"start":{"line":15,"column":0},"end":{"line":15,"column":124}},"15":{"start":{"line":16,"column":0},"end":{"line":16,"column":63}},"17":{"start":{"line":18,"column":0},"end":{"line":18,"column":32}},"18":{"start":{"line":19,"column":0},"end":{"line":19,"column":38}},"20":{"start":{"line":21,"column":0},"end":{"line":21,"column":77}},"23":{"start":{"line":24,"column":0},"end":{"line":24,"column":73}},"24":{"start":{"line":25,"column":0},"end":{"line":25,"column":52}},"25":{"start":{"line":26,"column":0},"end":{"line":26,"column":67}},"26":{"start":{"line":27,"column":0},"end":{"line":27,"column":3}},"29":{"start":{"line":30,"column":0},"end":{"line":30,"column":71}},"30":{"start":{"line":31,"column":0},"end":{"line":31,"column":51}},"31":{"start":{"line":32,"column":0},"end":{"line":32,"column":79}},"32":{"start":{"line":33,"column":0},"end":{"line":33,"column":56}},"33":{"start":{"line":34,"column":0},"end":{"line":34,"column":73}},"34":{"start":{"line":35,"column":0},"end":{"line":35,"column":5}},"35":{"start":{"line":36,"column":0},"end":{"line":36,"column":3}},"36":{"start":{"line":37,"column":0},"end":{"line":37,"column":14}},"37":{"start":{"line":38,"column":0},"end":{"line":38,"column":2}},"39":{"start":{"line":40,"column":0},"end":{"line":40,"column":70}},"40":{"start":{"line":41,"column":0},"end":{"line":41,"column":33}},"41":{"start":{"line":42,"column":0},"end":{"line":42,"column":9}},"42":{"start":{"line":43,"column":0},"end":{"line":43,"column":20}},"43":{"start":{"line":44,"column":0},"end":{"line":44,"column":11}},"44":{"start":{"line":45,"column":0},"end":{"line":45,"column":20}},"45":{"start":{"line":46,"column":0},"end":{"line":46,"column":17}},"46":{"start":{"line":47,"column":0},"end":{"line":47,"column":47}},"47":{"start":{"line":48,"column":0},"end":{"line":48,"column":21}},"49":{"start":{"line":50,"column":0},"end":{"line":50,"column":37}},"50":{"start":{"line":51,"column":0},"end":{"line":51,"column":59}},"51":{"start":{"line":52,"column":0},"end":{"line":52,"column":55}},"52":{"start":{"line":53,"column":0},"end":{"line":53,"column":77}},"53":{"start":{"line":54,"column":0},"end":{"line":54,"column":43}},"54":{"start":{"line":55,"column":0},"end":{"line":55,"column":71}},"55":{"start":{"line":56,"column":0},"end":{"line":56,"column":19}},"57":{"start":{"line":58,"column":0},"end":{"line":58,"column":48}},"58":{"start":{"line":59,"column":0},"end":{"line":59,"column":9}},"59":{"start":{"line":60,"column":0},"end":{"line":60,"column":35}},"60":{"start":{"line":61,"column":0},"end":{"line":61,"column":64}},"61":{"start":{"line":62,"column":0},"end":{"line":62,"column":9}},"62":{"start":{"line":63,"column":0},"end":{"line":63,"column":39}},"63":{"start":{"line":64,"column":0},"end":{"line":64,"column":41}},"64":{"start":{"line":65,"column":0},"end":{"line":65,"column":62}},"65":{"start":{"line":66,"column":0},"end":{"line":66,"column":19}},"68":{"start":{"line":69,"column":0},"end":{"line":69,"column":50}},"69":{"start":{"line":70,"column":0},"end":{"line":70,"column":49}},"70":{"start":{"line":71,"column":0},"end":{"line":71,"column":19}},"72":{"start":{"line":73,"column":0},"end":{"line":73,"column":67}},"73":{"start":{"line":74,"column":0},"end":{"line":74,"column":5}},"74":{"start":{"line":75,"column":0},"end":{"line":75,"column":76}},"76":{"start":{"line":77,"column":0},"end":{"line":77,"column":19}},"77":{"start":{"line":78,"column":0},"end":{"line":78,"column":19}},"78":{"start":{"line":79,"column":0},"end":{"line":79,"column":21}},"80":{"start":{"line":81,"column":0},"end":{"line":81,"column":30}},"81":{"start":{"line":82,"column":0},"end":{"line":82,"column":14}},"82":{"start":{"line":83,"column":0},"end":{"line":83,"column":33}},"83":{"start":{"line":84,"column":0},"end":{"line":84,"column":26}},"84":{"start":{"line":85,"column":0},"end":{"line":85,"column":52}},"85":{"start":{"line":86,"column":0},"end":{"line":86,"column":13}},"86":{"start":{"line":87,"column":0},"end":{"line":87,"column":5}},"87":{"start":{"line":88,"column":0},"end":{"line":88,"column":19}},"88":{"start":{"line":89,"column":0},"end":{"line":89,"column":50}},"89":{"start":{"line":90,"column":0},"end":{"line":90,"column":9}},"90":{"start":{"line":91,"column":0},"end":{"line":91,"column":41}},"91":{"start":{"line":92,"column":0},"end":{"line":92,"column":31}},"93":{"start":{"line":94,"column":0},"end":{"line":94,"column":40}},"94":{"start":{"line":95,"column":0},"end":{"line":95,"column":79}},"95":{"start":{"line":96,"column":0},"end":{"line":96,"column":24}},"96":{"start":{"line":97,"column":0},"end":{"line":97,"column":23}},"97":{"start":{"line":98,"column":0},"end":{"line":98,"column":28}},"98":{"start":{"line":99,"column":0},"end":{"line":99,"column":49}},"99":{"start":{"line":100,"column":0},"end":{"line":100,"column":13}},"100":{"start":{"line":101,"column":0},"end":{"line":101,"column":16}},"101":{"start":{"line":102,"column":0},"end":{"line":102,"column":23}},"102":{"start":{"line":103,"column":0},"end":{"line":103,"column":29}},"103":{"start":{"line":104,"column":0},"end":{"line":104,"column":51}},"104":{"start":{"line":105,"column":0},"end":{"line":105,"column":13}},"105":{"start":{"line":106,"column":0},"end":{"line":106,"column":9}},"106":{"start":{"line":107,"column":0},"end":{"line":107,"column":14}},"107":{"start":{"line":108,"column":0},"end":{"line":108,"column":21}},"108":{"start":{"line":109,"column":0},"end":{"line":109,"column":27}},"109":{"start":{"line":110,"column":0},"end":{"line":110,"column":50}},"110":{"start":{"line":111,"column":0},"end":{"line":111,"column":11}},"111":{"start":{"line":112,"column":0},"end":{"line":112,"column":7}},"112":{"start":{"line":113,"column":0},"end":{"line":113,"column":17}},"113":{"start":{"line":114,"column":0},"end":{"line":114,"column":65}},"114":{"start":{"line":115,"column":0},"end":{"line":115,"column":26}},"115":{"start":{"line":116,"column":0},"end":{"line":116,"column":75}},"116":{"start":{"line":117,"column":0},"end":{"line":117,"column":5}},"117":{"start":{"line":118,"column":0},"end":{"line":118,"column":4}},"119":{"start":{"line":120,"column":0},"end":{"line":120,"column":10}},"120":{"start":{"line":121,"column":0},"end":{"line":121,"column":35}},"121":{"start":{"line":122,"column":0},"end":{"line":122,"column":82}},"122":{"start":{"line":123,"column":0},"end":{"line":123,"column":27}},"123":{"start":{"line":124,"column":0},"end":{"line":124,"column":11}},"124":{"start":{"line":125,"column":0},"end":{"line":125,"column":79}},"125":{"start":{"line":126,"column":0},"end":{"line":126,"column":25}},"126":{"start":{"line":127,"column":0},"end":{"line":127,"column":10}},"128":{"start":{"line":129,"column":0},"end":{"line":129,"column":87}},"129":{"start":{"line":130,"column":0},"end":{"line":130,"column":21}},"130":{"start":{"line":131,"column":0},"end":{"line":131,"column":11}},"131":{"start":{"line":132,"column":0},"end":{"line":132,"column":125}},"132":{"start":{"line":133,"column":0},"end":{"line":133,"column":16}},"133":{"start":{"line":134,"column":0},"end":{"line":134,"column":12}},"135":{"start":{"line":136,"column":0},"end":{"line":136,"column":9}},"136":{"start":{"line":137,"column":0},"end":{"line":137,"column":30}},"137":{"start":{"line":138,"column":0},"end":{"line":138,"column":84}},"139":{"start":{"line":140,"column":0},"end":{"line":140,"column":27}},"140":{"start":{"line":141,"column":0},"end":{"line":141,"column":11}},"141":{"start":{"line":142,"column":0},"end":{"line":142,"column":16}},"142":{"start":{"line":143,"column":0},"end":{"line":143,"column":25}},"143":{"start":{"line":144,"column":0},"end":{"line":144,"column":61}},"144":{"start":{"line":145,"column":0},"end":{"line":145,"column":75}},"145":{"start":{"line":146,"column":0},"end":{"line":146,"column":41}},"146":{"start":{"line":147,"column":0},"end":{"line":147,"column":80}},"147":{"start":{"line":148,"column":0},"end":{"line":148,"column":43}},"148":{"start":{"line":149,"column":0},"end":{"line":149,"column":8}},"150":{"start":{"line":151,"column":0},"end":{"line":151,"column":13}},"151":{"start":{"line":152,"column":0},"end":{"line":152,"column":30}},"152":{"start":{"line":153,"column":0},"end":{"line":153,"column":124}},"153":{"start":{"line":154,"column":0},"end":{"line":154,"column":22}},"155":{"start":{"line":156,"column":0},"end":{"line":156,"column":21}},"156":{"start":{"line":157,"column":0},"end":{"line":157,"column":15}},"158":{"start":{"line":159,"column":0},"end":{"line":159,"column":17}},"159":{"start":{"line":160,"column":0},"end":{"line":160,"column":142}},"160":{"start":{"line":161,"column":0},"end":{"line":161,"column":56}},"161":{"start":{"line":162,"column":0},"end":{"line":162,"column":24}},"162":{"start":{"line":163,"column":0},"end":{"line":163,"column":14}},"165":{"start":{"line":166,"column":0},"end":{"line":166,"column":28}},"166":{"start":{"line":167,"column":0},"end":{"line":167,"column":12}},"167":{"start":{"line":168,"column":0},"end":{"line":168,"column":293}},"169":{"start":{"line":170,"column":0},"end":{"line":170,"column":35}},"170":{"start":{"line":171,"column":0},"end":{"line":171,"column":31}},"171":{"start":{"line":172,"column":0},"end":{"line":172,"column":41}},"172":{"start":{"line":173,"column":0},"end":{"line":173,"column":44}},"173":{"start":{"line":174,"column":0},"end":{"line":174,"column":14}},"174":{"start":{"line":175,"column":0},"end":{"line":175,"column":35}},"175":{"start":{"line":176,"column":0},"end":{"line":176,"column":14}},"178":{"start":{"line":179,"column":0},"end":{"line":179,"column":87}},"179":{"start":{"line":180,"column":0},"end":{"line":180,"column":27}},"180":{"start":{"line":181,"column":0},"end":{"line":181,"column":11}},"181":{"start":{"line":182,"column":0},"end":{"line":182,"column":28}},"182":{"start":{"line":183,"column":0},"end":{"line":183,"column":36}},"183":{"start":{"line":184,"column":0},"end":{"line":184,"column":42}},"184":{"start":{"line":185,"column":0},"end":{"line":185,"column":60}},"185":{"start":{"line":186,"column":0},"end":{"line":186,"column":64}},"186":{"start":{"line":187,"column":0},"end":{"line":187,"column":64}},"187":{"start":{"line":188,"column":0},"end":{"line":188,"column":22}},"188":{"start":{"line":189,"column":0},"end":{"line":189,"column":50}},"189":{"start":{"line":190,"column":0},"end":{"line":190,"column":25}},"190":{"start":{"line":191,"column":0},"end":{"line":191,"column":31}},"191":{"start":{"line":192,"column":0},"end":{"line":192,"column":146}},"193":{"start":{"line":194,"column":0},"end":{"line":194,"column":29}},"194":{"start":{"line":195,"column":0},"end":{"line":195,"column":27}},"195":{"start":{"line":196,"column":0},"end":{"line":196,"column":23}},"196":{"start":{"line":197,"column":0},"end":{"line":197,"column":23}},"197":{"start":{"line":198,"column":0},"end":{"line":198,"column":24}},"198":{"start":{"line":199,"column":0},"end":{"line":199,"column":23}},"199":{"start":{"line":200,"column":0},"end":{"line":200,"column":47}},"200":{"start":{"line":201,"column":0},"end":{"line":201,"column":23}},"201":{"start":{"line":202,"column":0},"end":{"line":202,"column":29}},"202":{"start":{"line":203,"column":0},"end":{"line":203,"column":109}},"204":{"start":{"line":205,"column":0},"end":{"line":205,"column":45}},"205":{"start":{"line":206,"column":0},"end":{"line":206,"column":27}},"206":{"start":{"line":207,"column":0},"end":{"line":207,"column":33}},"207":{"start":{"line":208,"column":0},"end":{"line":208,"column":126}},"209":{"start":{"line":210,"column":0},"end":{"line":210,"column":62}},"210":{"start":{"line":211,"column":0},"end":{"line":211,"column":45}},"211":{"start":{"line":212,"column":0},"end":{"line":212,"column":37}},"212":{"start":{"line":213,"column":0},"end":{"line":213,"column":29}},"213":{"start":{"line":214,"column":0},"end":{"line":214,"column":25}},"214":{"start":{"line":215,"column":0},"end":{"line":215,"column":25}},"215":{"start":{"line":216,"column":0},"end":{"line":216,"column":21}},"216":{"start":{"line":217,"column":0},"end":{"line":217,"column":24}},"217":{"start":{"line":218,"column":0},"end":{"line":218,"column":22}},"218":{"start":{"line":219,"column":0},"end":{"line":219,"column":18}},"219":{"start":{"line":220,"column":0},"end":{"line":220,"column":12}},"221":{"start":{"line":222,"column":0},"end":{"line":222,"column":58}},"222":{"start":{"line":223,"column":0},"end":{"line":223,"column":37}},"223":{"start":{"line":224,"column":0},"end":{"line":224,"column":14}},"225":{"start":{"line":226,"column":0},"end":{"line":226,"column":76}},"226":{"start":{"line":227,"column":0},"end":{"line":227,"column":58}},"227":{"start":{"line":228,"column":0},"end":{"line":228,"column":38}},"228":{"start":{"line":229,"column":0},"end":{"line":229,"column":14}},"230":{"start":{"line":231,"column":0},"end":{"line":231,"column":12}},"231":{"start":{"line":232,"column":0},"end":{"line":232,"column":10}},"233":{"start":{"line":234,"column":0},"end":{"line":234,"column":1}},"235":{"start":{"line":236,"column":0},"end":{"line":236,"column":28}},"236":{"start":{"line":237,"column":0},"end":{"line":237,"column":35}},"237":{"start":{"line":238,"column":0},"end":{"line":238,"column":49}},"238":{"start":{"line":239,"column":0},"end":{"line":239,"column":40}},"239":{"start":{"line":240,"column":0},"end":{"line":240,"column":49}},"240":{"start":{"line":241,"column":0},"end":{"line":241,"column":46}},"241":{"start":{"line":242,"column":0},"end":{"line":242,"column":35}},"242":{"start":{"line":243,"column":0},"end":{"line":243,"column":16}},"243":{"start":{"line":244,"column":0},"end":{"line":244,"column":38}},"244":{"start":{"line":245,"column":0},"end":{"line":245,"column":2}}},"s":{"0":1,"1":1,"2":1,"3":1,"4":1,"6":1,"12":1,"13":3,"14":3,"15":3,"17":3,"18":3,"20":3,"23":3,"24":3,"25":2,"26":2,"29":3,"30":3,"31":2,"32":2,"33":4,"34":4,"35":2,"36":1,"37":1,"39":131,"40":131,"41":131,"42":131,"43":131,"44":131,"45":131,"46":131,"47":131,"49":131,"50":131,"51":131,"52":131,"53":131,"54":131,"55":131,"57":131,"58":7,"59":7,"60":7,"61":7,"62":7,"63":7,"64":7,"65":7,"68":7,"69":7,"70":7,"72":0,"73":0,"74":131,"76":131,"77":7,"78":131,"80":131,"81":4,"82":0,"83":0,"84":0,"85":0,"86":0,"87":4,"88":4,"89":4,"90":4,"91":4,"93":4,"94":3,"95":3,"96":1,"97":1,"98":1,"99":1,"100":3,"101":2,"102":2,"103":2,"104":2,"105":2,"106":4,"107":0,"108":0,"109":0,"110":0,"111":0,"112":4,"113":1,"114":1,"115":1,"116":1,"117":4,"119":131,"120":131,"121":131,"122":131,"123":131,"124":131,"125":131,"126":131,"128":131,"129":131,"130":131,"131":131,"132":131,"133":131,"135":131,"136":131,"137":131,"139":131,"140":131,"141":131,"142":131,"143":131,"144":131,"145":131,"146":131,"147":131,"148":131,"150":131,"151":131,"152":131,"153":131,"155":131,"156":131,"158":131,"159":1,"160":1,"161":1,"162":1,"165":131,"166":4,"167":4,"169":4,"170":4,"171":1,"172":3,"173":4,"174":4,"175":4,"178":131,"179":131,"180":131,"181":131,"182":131,"183":3,"184":3,"185":3,"186":3,"187":3,"188":3,"189":4,"190":4,"191":4,"193":4,"194":4,"195":3,"196":3,"197":3,"198":3,"199":3,"200":4,"201":4,"202":4,"204":4,"205":6,"206":6,"207":6,"209":6,"210":6,"211":0,"212":6,"213":4,"214":4,"215":3,"216":3,"217":3,"218":3,"219":3,"221":128,"222":128,"223":128,"225":131,"226":0,"227":0,"228":0,"230":131,"231":131,"233":131,"235":1,"236":1,"237":1,"238":1,"239":1,"240":1,"241":1,"242":1,"243":1,"244":1},"branchMap":{"0":{"type":"branch","line":13,"loc":{"start":{"line":13,"column":23},"end":{"line":38,"column":2}},"locations":[{"start":{"line":13,"column":23},"end":{"line":38,"column":2}}]},"1":{"type":"branch","line":14,"loc":{"start":{"line":14,"column":37},"end":{"line":14,"column":50}},"locations":[{"start":{"line":14,"column":37},"end":{"line":14,"column":50}}]},"2":{"type":"branch","line":15,"loc":{"start":{"line":15,"column":28},"end":{"line":15,"column":61}},"locations":[{"start":{"line":15,"column":28},"end":{"line":15,"column":61}}]},"3":{"type":"branch","line":15,"loc":{"start":{"line":15,"column":61},"end":{"line":15,"column":124}},"locations":[{"start":{"line":15,"column":61},"end":{"line":15,"column":124}}]},"4":{"type":"branch","line":16,"loc":{"start":{"line":16,"column":50},"end":{"line":16,"column":63}},"locations":[{"start":{"line":16,"column":50},"end":{"line":16,"column":63}}]},"5":{"type":"branch","line":21,"loc":{"start":{"line":21,"column":31},"end":{"line":21,"column":77}},"locations":[{"start":{"line":21,"column":31},"end":{"line":21,"column":77}}]},"6":{"type":"branch","line":24,"loc":{"start":{"line":24,"column":60},"end":{"line":24,"column":73}},"locations":[{"start":{"line":24,"column":60},"end":{"line":24,"column":73}}]},"7":{"type":"branch","line":24,"loc":{"start":{"line":24,"column":67},"end":{"line":25,"column":51}},"locations":[{"start":{"line":24,"column":67},"end":{"line":25,"column":51}}]},"8":{"type":"branch","line":25,"loc":{"start":{"line":25,"column":51},"end":{"line":27,"column":3}},"locations":[{"start":{"line":25,"column":51},"end":{"line":27,"column":3}}]},"9":{"type":"branch","line":26,"loc":{"start":{"line":26,"column":54},"end":{"line":26,"column":67}},"locations":[{"start":{"line":26,"column":54},"end":{"line":26,"column":67}}]},"10":{"type":"branch","line":27,"loc":{"start":{"line":27,"column":2},"end":{"line":30,"column":65}},"locations":[{"start":{"line":27,"column":2},"end":{"line":30,"column":65}}]},"11":{"type":"branch","line":30,"loc":{"start":{"line":30,"column":58},"end":{"line":30,"column":71}},"locations":[{"start":{"line":30,"column":58},"end":{"line":30,"column":71}}]},"12":{"type":"branch","line":30,"loc":{"start":{"line":30,"column":65},"end":{"line":31,"column":50}},"locations":[{"start":{"line":30,"column":65},"end":{"line":31,"column":50}}]},"13":{"type":"branch","line":31,"loc":{"start":{"line":31,"column":50},"end":{"line":36,"column":3}},"locations":[{"start":{"line":31,"column":50},"end":{"line":36,"column":3}}]},"14":{"type":"branch","line":32,"loc":{"start":{"line":32,"column":66},"end":{"line":32,"column":79}},"locations":[{"start":{"line":32,"column":66},"end":{"line":32,"column":79}}]},"15":{"type":"branch","line":33,"loc":{"start":{"line":33,"column":55},"end":{"line":35,"column":5}},"locations":[{"start":{"line":33,"column":55},"end":{"line":35,"column":5}}]},"16":{"type":"branch","line":34,"loc":{"start":{"line":34,"column":60},"end":{"line":34,"column":73}},"locations":[{"start":{"line":34,"column":60},"end":{"line":34,"column":73}}]},"17":{"type":"branch","line":36,"loc":{"start":{"line":36,"column":2},"end":{"line":38,"column":2}},"locations":[{"start":{"line":36,"column":2},"end":{"line":38,"column":2}}]},"18":{"type":"branch","line":40,"loc":{"start":{"line":40,"column":0},"end":{"line":234,"column":1}},"locations":[{"start":{"line":40,"column":0},"end":{"line":234,"column":1}}]},"19":{"type":"branch","line":147,"loc":{"start":{"line":147,"column":15},"end":{"line":147,"column":36}},"locations":[{"start":{"line":147,"column":15},"end":{"line":147,"column":36}}]},"20":{"type":"branch","line":159,"loc":{"start":{"line":159,"column":7},"end":{"line":163,"column":14}},"locations":[{"start":{"line":159,"column":7},"end":{"line":163,"column":14}}]},"21":{"type":"branch","line":166,"loc":{"start":{"line":166,"column":16},"end":{"line":176,"column":14}},"locations":[{"start":{"line":166,"column":16},"end":{"line":176,"column":14}}]},"22":{"type":"branch","line":168,"loc":{"start":{"line":168,"column":57},"end":{"line":168,"column":178}},"locations":[{"start":{"line":168,"column":57},"end":{"line":168,"column":178}}]},"23":{"type":"branch","line":168,"loc":{"start":{"line":168,"column":69},"end":{"line":168,"column":290}},"locations":[{"start":{"line":168,"column":69},"end":{"line":168,"column":290}}]},"24":{"type":"branch","line":171,"loc":{"start":{"line":171,"column":22},"end":{"line":172,"column":41}},"locations":[{"start":{"line":171,"column":22},"end":{"line":172,"column":41}}]},"25":{"type":"branch","line":172,"loc":{"start":{"line":172,"column":40},"end":{"line":173,"column":44}},"locations":[{"start":{"line":172,"column":40},"end":{"line":173,"column":44}}]},"26":{"type":"branch","line":183,"loc":{"start":{"line":183,"column":31},"end":{"line":220,"column":12}},"locations":[{"start":{"line":183,"column":31},"end":{"line":220,"column":12}}]},"27":{"type":"branch","line":220,"loc":{"start":{"line":220,"column":11},"end":{"line":224,"column":14}},"locations":[{"start":{"line":220,"column":11},"end":{"line":224,"column":14}}]},"28":{"type":"branch","line":226,"loc":{"start":{"line":226,"column":31},"end":{"line":226,"column":76}},"locations":[{"start":{"line":226,"column":31},"end":{"line":226,"column":76}}]},"29":{"type":"branch","line":226,"loc":{"start":{"line":226,"column":70},"end":{"line":229,"column":14}},"locations":[{"start":{"line":226,"column":70},"end":{"line":229,"column":14}}]},"30":{"type":"branch","line":58,"loc":{"start":{"line":58,"column":35},"end":{"line":75,"column":5}},"locations":[{"start":{"line":58,"column":35},"end":{"line":75,"column":5}}]},"31":{"type":"branch","line":71,"loc":{"start":{"line":71,"column":4},"end":{"line":74,"column":5}},"locations":[{"start":{"line":71,"column":4},"end":{"line":74,"column":5}}]},"32":{"type":"branch","line":77,"loc":{"start":{"line":77,"column":12},"end":{"line":79,"column":5}},"locations":[{"start":{"line":77,"column":12},"end":{"line":79,"column":5}}]},"33":{"type":"branch","line":81,"loc":{"start":{"line":81,"column":23},"end":{"line":118,"column":4}},"locations":[{"start":{"line":81,"column":23},"end":{"line":118,"column":4}}]},"34":{"type":"branch","line":82,"loc":{"start":{"line":82,"column":13},"end":{"line":87,"column":5}},"locations":[{"start":{"line":82,"column":13},"end":{"line":87,"column":5}}]},"35":{"type":"branch","line":94,"loc":{"start":{"line":94,"column":39},"end":{"line":107,"column":13}},"locations":[{"start":{"line":94,"column":39},"end":{"line":107,"column":13}}]},"36":{"type":"branch","line":96,"loc":{"start":{"line":96,"column":23},"end":{"line":101,"column":15}},"locations":[{"start":{"line":96,"column":23},"end":{"line":101,"column":15}}]},"37":{"type":"branch","line":101,"loc":{"start":{"line":101,"column":8},"end":{"line":106,"column":9}},"locations":[{"start":{"line":101,"column":8},"end":{"line":106,"column":9}}]},"38":{"type":"branch","line":107,"loc":{"start":{"line":107,"column":6},"end":{"line":112,"column":7}},"locations":[{"start":{"line":107,"column":6},"end":{"line":112,"column":7}}]},"39":{"type":"branch","line":113,"loc":{"start":{"line":113,"column":4},"end":{"line":117,"column":5}},"locations":[{"start":{"line":113,"column":4},"end":{"line":117,"column":5}}]},"40":{"type":"branch","line":184,"loc":{"start":{"line":184,"column":27},"end":{"line":219,"column":18}},"locations":[{"start":{"line":184,"column":27},"end":{"line":219,"column":18}}]},"41":{"type":"branch","line":189,"loc":{"start":{"line":189,"column":37},"end":{"line":195,"column":27}},"locations":[{"start":{"line":189,"column":37},"end":{"line":195,"column":27}}]},"42":{"type":"branch","line":200,"loc":{"start":{"line":200,"column":34},"end":{"line":215,"column":25}},"locations":[{"start":{"line":200,"column":34},"end":{"line":215,"column":25}}]},"43":{"type":"branch","line":203,"loc":{"start":{"line":203,"column":54},"end":{"line":203,"column":88}},"locations":[{"start":{"line":203,"column":54},"end":{"line":203,"column":88}}]},"44":{"type":"branch","line":203,"loc":{"start":{"line":203,"column":58},"end":{"line":203,"column":106}},"locations":[{"start":{"line":203,"column":58},"end":{"line":203,"column":106}}]},"45":{"type":"branch","line":205,"loc":{"start":{"line":205,"column":31},"end":{"line":213,"column":29}},"locations":[{"start":{"line":205,"column":31},"end":{"line":213,"column":29}}]},"46":{"type":"branch","line":211,"loc":{"start":{"line":211,"column":44},"end":{"line":212,"column":37}},"locations":[{"start":{"line":211,"column":44},"end":{"line":212,"column":37}}]}},"b":{"0":[3],"1":[0],"2":[0],"3":[0],"4":[0],"5":[0],"6":[2],"7":[1],"8":[2],"9":[0],"10":[1],"11":[0],"12":[1],"13":[2],"14":[0],"15":[4],"16":[0],"17":[1],"18":[131],"19":[0],"20":[1],"21":[4],"22":[1],"23":[3],"24":[1],"25":[3],"26":[3],"27":[128],"28":[3],"29":[0],"30":[7],"31":[0],"32":[7],"33":[4],"34":[0],"35":[3],"36":[1],"37":[2],"38":[0],"39":[1],"40":[3],"41":[4],"42":[4],"43":[3],"44":[1],"45":[6],"46":[0]},"fnMap":{"0":{"name":"compareResults","decl":{"start":{"line":13,"column":23},"end":{"line":38,"column":2}},"loc":{"start":{"line":13,"column":23},"end":{"line":38,"column":2}},"line":13},"1":{"name":"ExerciseRunner","decl":{"start":{"line":40,"column":0},"end":{"line":234,"column":1}},"loc":{"start":{"line":40,"column":0},"end":{"line":234,"column":1}},"line":40},"2":{"name":"locateFile","decl":{"start":{"line":61,"column":20},"end":{"line":61,"column":64}},"loc":{"start":{"line":61,"column":20},"end":{"line":61,"column":64}},"line":61},"3":{"name":"runUserQuery","decl":{"start":{"line":81,"column":23},"end":{"line":118,"column":4}},"loc":{"start":{"line":81,"column":23},"end":{"line":118,"column":4}},"line":81}},"f":{"0":3,"1":131,"2":0,"3":4}}
,"/app/src/components/Navbar.jsx": {"path":"/app/src/components/Navbar.jsx","all":false,"statementMap":{"0":{"start":{"line":1,"column":0},"end":{"line":1,"column":55}},"1":{"start":{"line":2,"column":0},"end":{"line":2,"column":52}},"2":{"start":{"line":3,"column":0},"end":{"line":3,"column":72}},"3":{"start":{"line":4,"column":0},"end":{"line":4,"column":40}},"5":{"start":{"line":6,"column":0},"end":{"line":6,"column":59}},"6":{"start":{"line":7,"column":0},"end":{"line":7,"column":39}},"7":{"start":{"line":8,"column":0},"end":{"line":8,"column":66}},"8":{"start":{"line":9,"column":0},"end":{"line":9,"column":66}},"9":{"start":{"line":10,"column":0},"end":{"line":10,"column":39}},"10":{"start":{"line":11,"column":0},"end":{"line":11,"column":39}},"11":{"start":{"line":12,"column":0},"end":{"line":12,"column":81}},"12":{"start":{"line":13,"column":0},"end":{"line":13,"column":82}},"14":{"start":{"line":15,"column":0},"end":{"line":15,"column":74}},"15":{"start":{"line":16,"column":0},"end":{"line":16,"column":74}},"17":{"start":{"line":18,"column":0},"end":{"line":18,"column":35}},"18":{"start":{"line":19,"column":0},"end":{"line":19,"column":29}},"19":{"start":{"line":20,"column":0},"end":{"line":20,"column":65}},"20":{"start":{"line":21,"column":0},"end":{"line":21,"column":71}},"21":{"start":{"line":22,"column":0},"end":{"line":22,"column":4}},"23":{"start":{"line":24,"column":0},"end":{"line":24,"column":44}},"24":{"start":{"line":25,"column":0},"end":{"line":25,"column":33}},"25":{"start":{"line":26,"column":0},"end":{"line":26,"column":33}},"26":{"start":{"line":27,"column":0},"end":{"line":27,"column":73}},"27":{"start":{"line":28,"column":0},"end":{"line":28,"column":5}},"31":{"start":{"line":32,"column":0},"end":{"line":32,"column":63}},"32":{"start":{"line":33,"column":0},"end":{"line":33,"column":29}},"33":{"start":{"line":34,"column":0},"end":{"line":34,"column":31}},"34":{"start":{"line":35,"column":0},"end":{"line":35,"column":69}},"35":{"start":{"line":36,"column":0},"end":{"line":36,"column":8}},"36":{"start":{"line":37,"column":0},"end":{"line":37,"column":51}},"37":{"start":{"line":38,"column":0},"end":{"line":38,"column":75}},"39":{"start":{"line":40,"column":0},"end":{"line":40,"column":38}},"40":{"start":{"line":41,"column":0},"end":{"line":41,"column":78}},"41":{"start":{"line":42,"column":0},"end":{"line":42,"column":14}},"43":{"start":{"line":44,"column":0},"end":{"line":44,"column":78}},"44":{"start":{"line":45,"column":0},"end":{"line":45,"column":7}},"45":{"start":{"line":46,"column":0},"end":{"line":46,"column":35}},"46":{"start":{"line":47,"column":0},"end":{"line":47,"column":5}},"47":{"start":{"line":48,"column":0},"end":{"line":48,"column":4}},"49":{"start":{"line":50,"column":0},"end":{"line":50,"column":44}},"50":{"start":{"line":51,"column":0},"end":{"line":51,"column":33}},"51":{"start":{"line":52,"column":0},"end":{"line":52,"column":33}},"52":{"start":{"line":53,"column":0},"end":{"line":53,"column":73}},"53":{"start":{"line":54,"column":0},"end":{"line":54,"column":5}},"55":{"start":{"line":56,"column":0},"end":{"line":56,"column":63}},"56":{"start":{"line":57,"column":0},"end":{"line":57,"column":29}},"57":{"start":{"line":58,"column":0},"end":{"line":58,"column":31}},"58":{"start":{"line":59,"column":0},"end":{"line":59,"column":69}},"59":{"start":{"line":60,"column":0},"end":{"line":60,"column":8}},"60":{"start":{"line":61,"column":0},"end":{"line":61,"column":51}},"61":{"start":{"line":62,"column":0},"end":{"line":62,"column":75}},"63":{"start":{"line":64,"column":0},"end":{"line":64,"column":38}},"64":{"start":{"line":65,"column":0},"end":{"line":65,"column":78}},"65":{"start":{"line":66,"column":0},"end":{"line":66,"column":14}},"67":{"start":{"line":68,"column":0},"end":{"line":68,"column":78}},"68":{"start":{"line":69,"column":0},"end":{"line":69,"column":7}},"69":{"start":{"line":70,"column":0},"end":{"line":70,"column":35}},"70":{"start":{"line":71,"column":0},"end":{"line":71,"column":5}},"71":{"start":{"line":72,"column":0},"end":{"line":72,"column":4}},"74":{"start":{"line":75,"column":0},"end":{"line":75,"column":19}},"75":{"start":{"line":76,"column":0},"end":{"line":76,"column":43}},"76":{"start":{"line":77,"column":0},"end":{"line":77,"column":10}},"77":{"start":{"line":78,"column":0},"end":{"line":78,"column":34}},"78":{"start":{"line":79,"column":0},"end":{"line":79,"column":55}},"79":{"start":{"line":80,"column":0},"end":{"line":80,"column":9}},"80":{"start":{"line":81,"column":0},"end":{"line":81,"column":35}},"81":{"start":{"line":82,"column":0},"end":{"line":82,"column":7}},"82":{"start":{"line":83,"column":0},"end":{"line":83,"column":6}},"83":{"start":{"line":84,"column":0},"end":{"line":84,"column":63}},"84":{"start":{"line":85,"column":0},"end":{"line":85,"column":79}},"85":{"start":{"line":86,"column":0},"end":{"line":86,"column":24}},"88":{"start":{"line":89,"column":0},"end":{"line":89,"column":19}},"89":{"start":{"line":90,"column":0},"end":{"line":90,"column":43}},"90":{"start":{"line":91,"column":0},"end":{"line":91,"column":10}},"91":{"start":{"line":92,"column":0},"end":{"line":92,"column":34}},"92":{"start":{"line":93,"column":0},"end":{"line":93,"column":55}},"93":{"start":{"line":94,"column":0},"end":{"line":94,"column":9}},"94":{"start":{"line":95,"column":0},"end":{"line":95,"column":35}},"95":{"start":{"line":96,"column":0},"end":{"line":96,"column":7}},"96":{"start":{"line":97,"column":0},"end":{"line":97,"column":6}},"97":{"start":{"line":98,"column":0},"end":{"line":98,"column":63}},"98":{"start":{"line":99,"column":0},"end":{"line":99,"column":79}},"99":{"start":{"line":100,"column":0},"end":{"line":100,"column":24}},"101":{"start":{"line":102,"column":0},"end":{"line":102,"column":21}},"102":{"start":{"line":103,"column":0},"end":{"line":103,"column":92}},"103":{"start":{"line":104,"column":0},"end":{"line":104,"column":92}},"104":{"start":{"line":105,"column":0},"end":{"line":105,"column":4}},"106":{"start":{"line":107,"column":0},"end":{"line":107,"column":75}},"108":{"start":{"line":109,"column":0},"end":{"line":109,"column":10}},"109":{"start":{"line":110,"column":0},"end":{"line":110,"column":64}},"110":{"start":{"line":111,"column":0},"end":{"line":111,"column":62}},"111":{"start":{"line":112,"column":0},"end":{"line":112,"column":73}},"112":{"start":{"line":113,"column":0},"end":{"line":113,"column":66}},"113":{"start":{"line":114,"column":0},"end":{"line":114,"column":17}},"114":{"start":{"line":115,"column":0},"end":{"line":115,"column":32}},"115":{"start":{"line":116,"column":0},"end":{"line":116,"column":74}},"117":{"start":{"line":118,"column":0},"end":{"line":118,"column":31}},"118":{"start":{"line":119,"column":0},"end":{"line":119,"column":19}},"119":{"start":{"line":120,"column":0},"end":{"line":120,"column":16}},"121":{"start":{"line":122,"column":0},"end":{"line":122,"column":117}},"123":{"start":{"line":124,"column":0},"end":{"line":124,"column":65}},"124":{"start":{"line":125,"column":0},"end":{"line":125,"column":19}},"125":{"start":{"line":126,"column":0},"end":{"line":126,"column":23}},"126":{"start":{"line":127,"column":0},"end":{"line":127,"column":31}},"127":{"start":{"line":128,"column":0},"end":{"line":128,"column":55}},"128":{"start":{"line":129,"column":0},"end":{"line":129,"column":56}},"129":{"start":{"line":130,"column":0},"end":{"line":130,"column":46}},"130":{"start":{"line":131,"column":0},"end":{"line":131,"column":275}},"131":{"start":{"line":132,"column":0},"end":{"line":132,"column":50}},"132":{"start":{"line":133,"column":0},"end":{"line":133,"column":38}},"134":{"start":{"line":135,"column":0},"end":{"line":135,"column":23}},"135":{"start":{"line":136,"column":0},"end":{"line":136,"column":36}},"136":{"start":{"line":137,"column":0},"end":{"line":137,"column":30}},"137":{"start":{"line":138,"column":0},"end":{"line":138,"column":69}},"139":{"start":{"line":140,"column":0},"end":{"line":140,"column":42}},"140":{"start":{"line":141,"column":0},"end":{"line":141,"column":25}},"141":{"start":{"line":142,"column":0},"end":{"line":142,"column":46}},"142":{"start":{"line":143,"column":0},"end":{"line":143,"column":22}},"143":{"start":{"line":144,"column":0},"end":{"line":144,"column":77}},"144":{"start":{"line":145,"column":0},"end":{"line":145,"column":54}},"145":{"start":{"line":146,"column":0},"end":{"line":146,"column":39}},"146":{"start":{"line":147,"column":0},"end":{"line":147,"column":39}},"147":{"start":{"line":148,"column":0},"end":{"line":148,"column":38}},"149":{"start":{"line":150,"column":0},"end":{"line":150,"column":25}},"150":{"start":{"line":151,"column":0},"end":{"line":151,"column":40}},"151":{"start":{"line":152,"column":0},"end":{"line":152,"column":140}},"152":{"start":{"line":153,"column":0},"end":{"line":153,"column":40}},"153":{"start":{"line":154,"column":0},"end":{"line":154,"column":22}},"154":{"start":{"line":155,"column":0},"end":{"line":155,"column":24}},"155":{"start":{"line":156,"column":0},"end":{"line":156,"column":25}},"156":{"start":{"line":157,"column":0},"end":{"line":157,"column":20}},"157":{"start":{"line":158,"column":0},"end":{"line":158,"column":36}},"158":{"start":{"line":159,"column":0},"end":{"line":159,"column":20}},"159":{"start":{"line":160,"column":0},"end":{"line":160,"column":203}},"160":{"start":{"line":161,"column":0},"end":{"line":161,"column":29}},"161":{"start":{"line":162,"column":0},"end":{"line":162,"column":45}},"162":{"start":{"line":163,"column":0},"end":{"line":163,"column":81}},"163":{"start":{"line":164,"column":0},"end":{"line":164,"column":76}},"164":{"start":{"line":165,"column":0},"end":{"line":165,"column":49}},"166":{"start":{"line":167,"column":0},"end":{"line":167,"column":56}},"167":{"start":{"line":168,"column":0},"end":{"line":168,"column":27}},"168":{"start":{"line":169,"column":0},"end":{"line":169,"column":31}},"169":{"start":{"line":170,"column":0},"end":{"line":170,"column":57}},"170":{"start":{"line":171,"column":0},"end":{"line":171,"column":166}},"171":{"start":{"line":172,"column":0},"end":{"line":172,"column":37}},"173":{"start":{"line":174,"column":0},"end":{"line":174,"column":27}},"174":{"start":{"line":175,"column":0},"end":{"line":175,"column":40}},"175":{"start":{"line":176,"column":0},"end":{"line":176,"column":34}},"176":{"start":{"line":177,"column":0},"end":{"line":177,"column":72}},"178":{"start":{"line":179,"column":0},"end":{"line":179,"column":45}},"179":{"start":{"line":180,"column":0},"end":{"line":180,"column":29}},"180":{"start":{"line":181,"column":0},"end":{"line":181,"column":49}},"181":{"start":{"line":182,"column":0},"end":{"line":182,"column":29}},"182":{"start":{"line":183,"column":0},"end":{"line":183,"column":21}},"183":{"start":{"line":184,"column":0},"end":{"line":184,"column":22}},"185":{"start":{"line":186,"column":0},"end":{"line":186,"column":18}},"188":{"start":{"line":189,"column":0},"end":{"line":189,"column":19}},"189":{"start":{"line":190,"column":0},"end":{"line":190,"column":54}},"190":{"start":{"line":191,"column":0},"end":{"line":191,"column":258}},"192":{"start":{"line":193,"column":0},"end":{"line":193,"column":57}},"193":{"start":{"line":194,"column":0},"end":{"line":194,"column":21}},"196":{"start":{"line":197,"column":0},"end":{"line":197,"column":65}},"197":{"start":{"line":198,"column":0},"end":{"line":198,"column":19}},"198":{"start":{"line":199,"column":0},"end":{"line":199,"column":23}},"199":{"start":{"line":200,"column":0},"end":{"line":200,"column":31}},"200":{"start":{"line":201,"column":0},"end":{"line":201,"column":56}},"201":{"start":{"line":202,"column":0},"end":{"line":202,"column":180}},"202":{"start":{"line":203,"column":0},"end":{"line":203,"column":39}},"203":{"start":{"line":204,"column":0},"end":{"line":204,"column":50}},"204":{"start":{"line":205,"column":0},"end":{"line":205,"column":38}},"205":{"start":{"line":206,"column":0},"end":{"line":206,"column":46}},"207":{"start":{"line":208,"column":0},"end":{"line":208,"column":70}},"209":{"start":{"line":210,"column":0},"end":{"line":210,"column":22}},"210":{"start":{"line":211,"column":0},"end":{"line":211,"column":69}},"211":{"start":{"line":212,"column":0},"end":{"line":212,"column":31}},"212":{"start":{"line":213,"column":0},"end":{"line":213,"column":39}},"213":{"start":{"line":214,"column":0},"end":{"line":214,"column":41}},"214":{"start":{"line":215,"column":0},"end":{"line":215,"column":59}},"216":{"start":{"line":217,"column":0},"end":{"line":217,"column":25}},"217":{"start":{"line":218,"column":0},"end":{"line":218,"column":43}},"218":{"start":{"line":219,"column":0},"end":{"line":219,"column":44}},"219":{"start":{"line":220,"column":0},"end":{"line":220,"column":37}},"220":{"start":{"line":221,"column":0},"end":{"line":221,"column":48}},"221":{"start":{"line":222,"column":0},"end":{"line":222,"column":22}},"222":{"start":{"line":223,"column":0},"end":{"line":223,"column":24}},"223":{"start":{"line":224,"column":0},"end":{"line":224,"column":25}},"224":{"start":{"line":225,"column":0},"end":{"line":225,"column":20}},"226":{"start":{"line":227,"column":0},"end":{"line":227,"column":36}},"227":{"start":{"line":228,"column":0},"end":{"line":228,"column":20}},"228":{"start":{"line":229,"column":0},"end":{"line":229,"column":233}},"229":{"start":{"line":230,"column":0},"end":{"line":230,"column":29}},"230":{"start":{"line":231,"column":0},"end":{"line":231,"column":45}},"231":{"start":{"line":232,"column":0},"end":{"line":232,"column":52}},"232":{"start":{"line":233,"column":0},"end":{"line":233,"column":31}},"233":{"start":{"line":234,"column":0},"end":{"line":234,"column":76}},"235":{"start":{"line":236,"column":0},"end":{"line":236,"column":23}},"236":{"start":{"line":237,"column":0},"end":{"line":237,"column":38}},"237":{"start":{"line":238,"column":0},"end":{"line":238,"column":129}},"238":{"start":{"line":239,"column":0},"end":{"line":239,"column":35}},"239":{"start":{"line":240,"column":0},"end":{"line":240,"column":33}},"240":{"start":{"line":241,"column":0},"end":{"line":241,"column":41}},"241":{"start":{"line":242,"column":0},"end":{"line":242,"column":62}},"243":{"start":{"line":244,"column":0},"end":{"line":244,"column":31}},"244":{"start":{"line":245,"column":0},"end":{"line":245,"column":25}},"245":{"start":{"line":246,"column":0},"end":{"line":246,"column":23}},"246":{"start":{"line":247,"column":0},"end":{"line":247,"column":46}},"247":{"start":{"line":248,"column":0},"end":{"line":248,"column":129}},"248":{"start":{"line":249,"column":0},"end":{"line":249,"column":35}},"249":{"start":{"line":250,"column":0},"end":{"line":250,"column":33}},"250":{"start":{"line":251,"column":0},"end":{"line":251,"column":41}},"251":{"start":{"line":252,"column":0},"end":{"line":252,"column":62}},"253":{"start":{"line":254,"column":0},"end":{"line":254,"column":35}},"254":{"start":{"line":255,"column":0},"end":{"line":255,"column":25}},"255":{"start":{"line":256,"column":0},"end":{"line":256,"column":23}},"256":{"start":{"line":257,"column":0},"end":{"line":257,"column":47}},"257":{"start":{"line":258,"column":0},"end":{"line":258,"column":129}},"258":{"start":{"line":259,"column":0},"end":{"line":259,"column":35}},"259":{"start":{"line":260,"column":0},"end":{"line":260,"column":33}},"260":{"start":{"line":261,"column":0},"end":{"line":261,"column":41}},"261":{"start":{"line":262,"column":0},"end":{"line":262,"column":62}},"263":{"start":{"line":264,"column":0},"end":{"line":264,"column":36}},"264":{"start":{"line":265,"column":0},"end":{"line":265,"column":25}},"265":{"start":{"line":266,"column":0},"end":{"line":266,"column":23}},"266":{"start":{"line":267,"column":0},"end":{"line":267,"column":42}},"267":{"start":{"line":268,"column":0},"end":{"line":268,"column":129}},"268":{"start":{"line":269,"column":0},"end":{"line":269,"column":35}},"269":{"start":{"line":270,"column":0},"end":{"line":270,"column":33}},"270":{"start":{"line":271,"column":0},"end":{"line":271,"column":83}},"271":{"start":{"line":272,"column":0},"end":{"line":272,"column":62}},"273":{"start":{"line":274,"column":0},"end":{"line":274,"column":31}},"274":{"start":{"line":275,"column":0},"end":{"line":275,"column":25}},"275":{"start":{"line":276,"column":0},"end":{"line":276,"column":22}},"277":{"start":{"line":278,"column":0},"end":{"line":278,"column":18}},"278":{"start":{"line":279,"column":0},"end":{"line":279,"column":16}},"279":{"start":{"line":280,"column":0},"end":{"line":280,"column":14}},"280":{"start":{"line":281,"column":0},"end":{"line":281,"column":12}},"281":{"start":{"line":282,"column":0},"end":{"line":282,"column":10}},"283":{"start":{"line":284,"column":0},"end":{"line":284,"column":1}},"285":{"start":{"line":286,"column":0},"end":{"line":286,"column":20}},"286":{"start":{"line":287,"column":0},"end":{"line":287,"column":38}},"287":{"start":{"line":288,"column":0},"end":{"line":288,"column":41}},"288":{"start":{"line":289,"column":0},"end":{"line":289,"column":2}}},"s":{"0":1,"1":1,"2":1,"3":1,"5":16,"6":16,"7":16,"8":16,"9":16,"10":16,"11":16,"12":16,"14":16,"15":16,"17":16,"18":1,"19":1,"20":1,"21":1,"23":16,"24":0,"25":0,"26":0,"27":0,"31":0,"32":0,"33":0,"34":0,"35":0,"36":0,"37":0,"39":0,"40":0,"41":0,"43":0,"44":0,"45":0,"46":0,"47":0,"49":16,"50":0,"51":0,"52":0,"53":0,"55":0,"56":0,"57":0,"58":0,"59":0,"60":0,"61":0,"63":0,"64":0,"65":0,"67":0,"68":0,"69":0,"70":0,"71":0,"74":16,"75":6,"76":2,"77":2,"78":2,"79":2,"80":2,"81":2,"82":2,"83":6,"84":6,"85":16,"88":16,"89":6,"90":2,"91":2,"92":2,"93":2,"94":2,"95":2,"96":2,"97":6,"98":6,"99":16,"101":16,"102":16,"103":16,"104":16,"106":16,"108":16,"109":16,"110":16,"111":16,"112":16,"113":16,"114":16,"115":16,"117":16,"118":16,"119":16,"121":16,"123":16,"124":16,"125":16,"126":16,"127":16,"128":16,"129":16,"130":16,"131":16,"132":16,"134":16,"135":16,"136":16,"137":16,"139":16,"140":16,"141":16,"142":16,"143":16,"144":16,"145":16,"146":16,"147":16,"149":16,"150":16,"151":16,"152":16,"153":16,"154":16,"155":16,"156":16,"157":16,"158":2,"159":2,"160":2,"161":2,"162":2,"163":2,"164":2,"166":2,"167":4,"168":4,"169":4,"170":4,"171":4,"173":4,"174":4,"175":4,"176":4,"178":4,"179":4,"180":4,"181":4,"182":2,"183":2,"185":16,"188":16,"189":16,"190":16,"192":16,"193":16,"196":16,"197":16,"198":16,"199":16,"200":16,"201":16,"202":16,"203":16,"204":16,"205":16,"207":16,"209":16,"210":16,"211":16,"212":16,"213":16,"214":16,"216":16,"217":16,"218":16,"219":16,"220":16,"221":16,"222":16,"223":16,"224":16,"226":16,"227":3,"228":3,"229":3,"230":3,"231":3,"232":3,"233":3,"235":3,"236":3,"237":3,"238":3,"239":3,"240":3,"241":3,"243":3,"244":3,"245":3,"246":3,"247":3,"248":3,"249":3,"250":3,"251":3,"253":3,"254":3,"255":3,"256":3,"257":3,"258":3,"259":3,"260":3,"261":3,"263":3,"264":3,"265":3,"266":3,"267":3,"268":3,"269":3,"270":3,"271":3,"273":3,"274":3,"275":3,"277":16,"278":16,"279":16,"280":16,"281":16,"283":16,"285":1,"286":1,"287":1,"288":1},"branchMap":{"0":{"type":"branch","line":6,"loc":{"start":{"line":6,"column":0},"end":{"line":284,"column":1}},"locations":[{"start":{"line":6,"column":0},"end":{"line":284,"column":1}}]},"1":{"type":"branch","line":107,"loc":{"start":{"line":107,"column":57},"end":{"line":107,"column":75}},"locations":[{"start":{"line":107,"column":57},"end":{"line":107,"column":75}}]},"2":{"type":"branch","line":158,"loc":{"start":{"line":158,"column":15},"end":{"line":184,"column":22}},"locations":[{"start":{"line":158,"column":15},"end":{"line":184,"column":22}}]},"3":{"type":"branch","line":193,"loc":{"start":{"line":193,"column":15},"end":{"line":193,"column":43}},"locations":[{"start":{"line":193,"column":15},"end":{"line":193,"column":43}}]},"4":{"type":"branch","line":193,"loc":{"start":{"line":193,"column":39},"end":{"line":193,"column":57}},"locations":[{"start":{"line":193,"column":39},"end":{"line":193,"column":57}}]},"5":{"type":"branch","line":227,"loc":{"start":{"line":227,"column":15},"end":{"line":276,"column":22}},"locations":[{"start":{"line":227,"column":15},"end":{"line":276,"column":22}}]},"6":{"type":"branch","line":15,"loc":{"start":{"line":15,"column":29},"end":{"line":15,"column":74}},"locations":[{"start":{"line":15,"column":29},"end":{"line":15,"column":74}}]},"7":{"type":"branch","line":16,"loc":{"start":{"line":16,"column":29},"end":{"line":16,"column":74}},"locations":[{"start":{"line":16,"column":29},"end":{"line":16,"column":74}}]},"8":{"type":"branch","line":18,"loc":{"start":{"line":18,"column":25},"end":{"line":22,"column":4}},"locations":[{"start":{"line":18,"column":25},"end":{"line":22,"column":4}}]},"9":{"type":"branch","line":75,"loc":{"start":{"line":75,"column":12},"end":{"line":86,"column":5}},"locations":[{"start":{"line":75,"column":12},"end":{"line":86,"column":5}}]},"10":{"type":"branch","line":76,"loc":{"start":{"line":76,"column":31},"end":{"line":83,"column":6}},"locations":[{"start":{"line":76,"column":31},"end":{"line":83,"column":6}}]},"11":{"type":"branch","line":85,"loc":{"start":{"line":85,"column":11},"end":{"line":85,"column":79}},"locations":[{"start":{"line":85,"column":11},"end":{"line":85,"column":79}}]},"12":{"type":"branch","line":89,"loc":{"start":{"line":89,"column":12},"end":{"line":100,"column":5}},"locations":[{"start":{"line":89,"column":12},"end":{"line":100,"column":5}}]},"13":{"type":"branch","line":90,"loc":{"start":{"line":90,"column":31},"end":{"line":97,"column":6}},"locations":[{"start":{"line":90,"column":31},"end":{"line":97,"column":6}}]},"14":{"type":"branch","line":99,"loc":{"start":{"line":99,"column":11},"end":{"line":99,"column":79}},"locations":[{"start":{"line":99,"column":11},"end":{"line":99,"column":79}}]},"15":{"type":"branch","line":167,"loc":{"start":{"line":167,"column":46},"end":{"line":182,"column":29}},"locations":[{"start":{"line":167,"column":46},"end":{"line":182,"column":29}}]},"16":{"type":"branch","line":170,"loc":{"start":{"line":170,"column":31},"end":{"line":170,"column":57}},"locations":[{"start":{"line":170,"column":31},"end":{"line":170,"column":57}}]},"17":{"type":"branch","line":190,"loc":{"start":{"line":190,"column":23},"end":{"line":190,"column":54}},"locations":[{"start":{"line":190,"column":23},"end":{"line":190,"column":54}}]},"18":{"type":"branch","line":242,"loc":{"start":{"line":242,"column":29},"end":{"line":242,"column":62}},"locations":[{"start":{"line":242,"column":29},"end":{"line":242,"column":62}}]}},"b":{"0":[16],"1":[0],"2":[2],"3":[1],"4":[15],"5":[3],"6":[4],"7":[2],"8":[1],"9":[6],"10":[2],"11":[6],"12":[6],"13":[2],"14":[6],"15":[4],"16":[1],"17":[1],"18":[1]},"fnMap":{"0":{"name":"Navbar","decl":{"start":{"line":6,"column":0},"end":{"line":284,"column":1}},"loc":{"start":{"line":6,"column":0},"end":{"line":284,"column":1}},"line":6},"1":{"name":"toggleMenuDropdown","decl":{"start":{"line":15,"column":29},"end":{"line":15,"column":74}},"loc":{"start":{"line":15,"column":29},"end":{"line":15,"column":74}},"line":15},"2":{"name":"toggleLangDropdown","decl":{"start":{"line":16,"column":29},"end":{"line":16,"column":74}},"loc":{"start":{"line":16,"column":29},"end":{"line":16,"column":74}},"line":16},"3":{"name":"changeLanguage","decl":{"start":{"line":18,"column":25},"end":{"line":22,"column":4}},"loc":{"start":{"line":18,"column":25},"end":{"line":22,"column":4}},"line":18},"4":{"name":"handleLangMenuKeyDown","decl":{"start":{"line":24,"column":32},"end":{"line":48,"column":4}},"loc":{"start":{"line":24,"column":32},"end":{"line":48,"column":4}},"line":24},"5":{"name":"handleUserMenuKeyDown","decl":{"start":{"line":50,"column":32},"end":{"line":72,"column":4}},"loc":{"start":{"line":50,"column":32},"end":{"line":72,"column":4}},"line":50},"6":{"name":"handleClickOutside","decl":{"start":{"line":76,"column":31},"end":{"line":83,"column":6}},"loc":{"start":{"line":76,"column":31},"end":{"line":83,"column":6}},"line":76},"7":{"name":"handleClickOutside","decl":{"start":{"line":90,"column":31},"end":{"line":97,"column":6}},"loc":{"start":{"line":90,"column":31},"end":{"line":97,"column":6}},"line":90},"8":{"name":"onClick","decl":{"start":{"line":170,"column":31},"end":{"line":170,"column":57}},"loc":{"start":{"line":170,"column":31},"end":{"line":170,"column":57}},"line":170},"9":{"name":"onClick","decl":{"start":{"line":190,"column":23},"end":{"line":190,"column":54}},"loc":{"start":{"line":190,"column":23},"end":{"line":190,"column":54}},"line":190},"10":{"name":"onClick","decl":{"start":{"line":242,"column":29},"end":{"line":242,"column":62}},"loc":{"start":{"line":242,"column":29},"end":{"line":242,"column":62}},"line":242},"11":{"name":"onClick","decl":{"start":{"line":252,"column":29},"end":{"line":252,"column":62}},"loc":{"start":{"line":252,"column":29},"end":{"line":252,"column":62}},"line":252},"12":{"name":"onClick","decl":{"start":{"line":262,"column":29},"end":{"line":262,"column":62}},"loc":{"start":{"line":262,"column":29},"end":{"line":262,"column":62}},"line":262},"13":{"name":"onClick","decl":{"start":{"line":272,"column":29},"end":{"line":272,"column":62}},"loc":{"start":{"line":272,"column":29},"end":{"line":272,"column":62}},"line":272}},"f":{"0":16,"1":4,"2":2,"3":1,"4":0,"5":0,"6":2,"7":2,"8":1,"9":1,"10":1,"11":0,"12":0,"13":0}}
,"/app/src/components/SqlEditor.jsx": {"path":"/app/src/components/SqlEditor.jsx","all":false,"statementMap":{"0":{"start":{"line":1,"column":0},"end":{"line":1,"column":53}},"1":{"start":{"line":2,"column":0},"end":{"line":2,"column":43}},"2":{"start":{"line":3,"column":0},"end":{"line":3,"column":41}},"3":{"start":{"line":4,"column":0},"end":{"line":4,"column":54}},"4":{"start":{"line":5,"column":0},"end":{"line":5,"column":47}},"5":{"start":{"line":6,"column":0},"end":{"line":6,"column":55}},"7":{"start":{"line":8,"column":0},"end":{"line":8,"column":20}},"8":{"start":{"line":9,"column":0},"end":{"line":9,"column":8}},"9":{"start":{"line":10,"column":0},"end":{"line":10,"column":11}},"10":{"start":{"line":11,"column":0},"end":{"line":11,"column":12}},"11":{"start":{"line":12,"column":0},"end":{"line":12,"column":19}},"12":{"start":{"line":13,"column":0},"end":{"line":13,"column":19}},"13":{"start":{"line":14,"column":0},"end":{"line":14,"column":8}},"14":{"start":{"line":15,"column":0},"end":{"line":15,"column":26}},"15":{"start":{"line":16,"column":0},"end":{"line":16,"column":64}},"16":{"start":{"line":17,"column":0},"end":{"line":17,"column":7}},"17":{"start":{"line":18,"column":0},"end":{"line":18,"column":33}},"18":{"start":{"line":19,"column":0},"end":{"line":19,"column":15}},"19":{"start":{"line":20,"column":0},"end":{"line":20,"column":7}},"20":{"start":{"line":21,"column":0},"end":{"line":21,"column":27}},"21":{"start":{"line":22,"column":0},"end":{"line":22,"column":20}},"22":{"start":{"line":23,"column":0},"end":{"line":23,"column":26}},"23":{"start":{"line":24,"column":0},"end":{"line":24,"column":24}},"24":{"start":{"line":25,"column":0},"end":{"line":25,"column":24}},"25":{"start":{"line":26,"column":0},"end":{"line":26,"column":11}},"26":{"start":{"line":27,"column":0},"end":{"line":27,"column":23}},"27":{"start":{"line":28,"column":0},"end":{"line":28,"column":10}},"28":{"start":{"line":29,"column":0},"end":{"line":29,"column":29}},"29":{"start":{"line":30,"column":0},"end":{"line":30,"column":8}},"30":{"start":{"line":31,"column":0},"end":{"line":31,"column":6}},"31":{"start":{"line":32,"column":0},"end":{"line":32,"column":4}},"33":{"start":{"line":34,"column":0},"end":{"line":34,"column":10}},"34":{"start":{"line":35,"column":0},"end":{"line":35,"column":15}},"35":{"start":{"line":36,"column":0},"end":{"line":36,"column":19}},"36":{"start":{"line":37,"column":0},"end":{"line":37,"column":21}},"37":{"start":{"line":38,"column":0},"end":{"line":38,"column":19}},"38":{"start":{"line":39,"column":0},"end":{"line":39,"column":14}},"39":{"start":{"line":40,"column":0},"end":{"line":40,"column":33}},"40":{"start":{"line":41,"column":0},"end":{"line":41,"column":21}},"41":{"start":{"line":42,"column":0},"end":{"line":42,"column":32}},"42":{"start":{"line":43,"column":0},"end":{"line":43,"column":8}},"43":{"start":{"line":44,"column":0},"end":{"line":44,"column":19}},"44":{"start":{"line":45,"column":0},"end":{"line":45,"column":25}},"45":{"start":{"line":46,"column":0},"end":{"line":46,"column":25}},"46":{"start":{"line":47,"column":0},"end":{"line":47,"column":28}},"47":{"start":{"line":48,"column":0},"end":{"line":48,"column":76}},"48":{"start":{"line":49,"column":0},"end":{"line":49,"column":19}},"49":{"start":{"line":50,"column":0},"end":{"line":50,"column":26}},"50":{"start":{"line":51,"column":0},"end":{"line":51,"column":34}},"51":{"start":{"line":52,"column":0},"end":{"line":52,"column":40}},"52":{"start":{"line":53,"column":0},"end":{"line":53,"column":29}},"53":{"start":{"line":54,"column":0},"end":{"line":54,"column":30}},"54":{"start":{"line":55,"column":0},"end":{"line":55,"column":28}},"55":{"start":{"line":56,"column":0},"end":{"line":56,"column":28}},"56":{"start":{"line":57,"column":0},"end":{"line":57,"column":25}},"57":{"start":{"line":58,"column":0},"end":{"line":58,"column":25}},"58":{"start":{"line":59,"column":0},"end":{"line":59,"column":22}},"59":{"start":{"line":60,"column":0},"end":{"line":60,"column":28}},"60":{"start":{"line":61,"column":0},"end":{"line":61,"column":33}},"61":{"start":{"line":62,"column":0},"end":{"line":62,"column":8}},"62":{"start":{"line":63,"column":0},"end":{"line":63,"column":6}},"64":{"start":{"line":65,"column":0},"end":{"line":65,"column":2}},"66":{"start":{"line":67,"column":0},"end":{"line":67,"column":23}},"67":{"start":{"line":68,"column":0},"end":{"line":68,"column":37}},"68":{"start":{"line":69,"column":0},"end":{"line":69,"column":38}},"69":{"start":{"line":70,"column":0},"end":{"line":70,"column":28}},"70":{"start":{"line":71,"column":0},"end":{"line":71,"column":27}},"71":{"start":{"line":72,"column":0},"end":{"line":72,"column":27}},"72":{"start":{"line":73,"column":0},"end":{"line":73,"column":118}},"73":{"start":{"line":74,"column":0},"end":{"line":74,"column":33}},"74":{"start":{"line":75,"column":0},"end":{"line":75,"column":75}},"75":{"start":{"line":76,"column":0},"end":{"line":76,"column":2}},"77":{"start":{"line":78,"column":0},"end":{"line":78,"column":26}},"78":{"start":{"line":79,"column":0},"end":{"line":79,"column":18}},"79":{"start":{"line":80,"column":0},"end":{"line":80,"column":18}},"80":{"start":{"line":81,"column":0},"end":{"line":81,"column":18}},"81":{"start":{"line":82,"column":0},"end":{"line":82,"column":52}},"82":{"start":{"line":83,"column":0},"end":{"line":83,"column":26}},"83":{"start":{"line":84,"column":0},"end":{"line":84,"column":71}},"84":{"start":{"line":85,"column":0},"end":{"line":85,"column":2}},"86":{"start":{"line":87,"column":0},"end":{"line":87,"column":25}}},"s":{"0":1,"1":1,"2":1,"3":1,"4":1,"5":1,"7":1,"8":7,"9":7,"10":7,"11":7,"12":7,"13":7,"14":7,"15":7,"16":7,"17":7,"18":7,"19":7,"20":7,"21":7,"22":0,"23":0,"24":0,"25":0,"26":0,"27":0,"28":7,"29":7,"30":7,"31":7,"33":7,"34":7,"35":7,"36":7,"37":7,"38":7,"39":7,"40":7,"41":7,"42":7,"43":7,"44":7,"45":7,"46":7,"47":7,"48":7,"49":7,"50":7,"51":7,"52":7,"53":7,"54":7,"55":7,"56":7,"57":7,"58":7,"59":7,"60":7,"61":7,"62":7,"64":7,"66":1,"67":1,"68":1,"69":1,"70":1,"71":1,"72":1,"73":1,"74":1,"75":1,"77":1,"78":1,"79":1,"80":1,"81":1,"82":1,"83":1,"84":1,"86":1},"branchMap":{"0":{"type":"branch","line":8,"loc":{"start":{"line":8,"column":18},"end":{"line":65,"column":2}},"locations":[{"start":{"line":8,"column":18},"end":{"line":65,"column":2}}]}},"b":{"0":[7]},"fnMap":{"0":{"name":"SqlEditor","decl":{"start":{"line":8,"column":18},"end":{"line":65,"column":2}},"loc":{"start":{"line":8,"column":18},"end":{"line":65,"column":2}},"line":8},"1":{"name":"run","decl":{"start":{"line":22,"column":13},"end":{"line":28,"column":10}},"loc":{"start":{"line":22,"column":13},"end":{"line":28,"column":10}},"line":22}},"f":{"0":7,"1":0}}
,"/app/src/pages/ExerciseDisplayPage.jsx": {"path":"/app/src/pages/ExerciseDisplayPage.jsx","all":false,"statementMap":{"0":{"start":{"line":1,"column":0},"end":{"line":1,"column":55}},"1":{"start":{"line":2,"column":0},"end":{"line":2,"column":65}},"3":{"start":{"line":4,"column":0},"end":{"line":4,"column":58}},"5":{"start":{"line":6,"column":0},"end":{"line":6,"column":28}},"6":{"start":{"line":7,"column":0},"end":{"line":7,"column":6}},"7":{"start":{"line":8,"column":0},"end":{"line":8,"column":20}},"8":{"start":{"line":9,"column":0},"end":{"line":9,"column":348}},"9":{"start":{"line":10,"column":0},"end":{"line":10,"column":33}},"16":{"start":{"line":17,"column":0},"end":{"line":17,"column":22}},"25":{"start":{"line":26,"column":0},"end":{"line":26,"column":17}},"26":{"start":{"line":27,"column":0},"end":{"line":27,"column":135}},"27":{"start":{"line":28,"column":0},"end":{"line":28,"column":79}},"28":{"start":{"line":29,"column":0},"end":{"line":29,"column":4}},"29":{"start":{"line":30,"column":0},"end":{"line":30,"column":6}},"30":{"start":{"line":31,"column":0},"end":{"line":31,"column":20}},"31":{"start":{"line":32,"column":0},"end":{"line":32,"column":184}},"32":{"start":{"line":33,"column":0},"end":{"line":33,"column":33}},"39":{"start":{"line":40,"column":0},"end":{"line":40,"column":22}},"47":{"start":{"line":48,"column":0},"end":{"line":48,"column":17}},"48":{"start":{"line":49,"column":0},"end":{"line":49,"column":148}},"49":{"start":{"line":50,"column":0},"end":{"line":50,"column":17}},"50":{"start":{"line":51,"column":0},"end":{"line":51,"column":81}},"51":{"start":{"line":52,"column":0},"end":{"line":52,"column":4}},"52":{"start":{"line":53,"column":0},"end":{"line":53,"column":6}},"53":{"start":{"line":54,"column":0},"end":{"line":54,"column":20}},"54":{"start":{"line":55,"column":0},"end":{"line":55,"column":222}},"55":{"start":{"line":56,"column":0},"end":{"line":56,"column":33}},"62":{"start":{"line":63,"column":0},"end":{"line":63,"column":22}},"70":{"start":{"line":71,"column":0},"end":{"line":71,"column":17}},"71":{"start":{"line":72,"column":0},"end":{"line":72,"column":123}},"72":{"start":{"line":73,"column":0},"end":{"line":73,"column":57}},"73":{"start":{"line":74,"column":0},"end":{"line":74,"column":4}},"74":{"start":{"line":75,"column":0},"end":{"line":75,"column":6}},"75":{"start":{"line":76,"column":0},"end":{"line":76,"column":20}},"76":{"start":{"line":77,"column":0},"end":{"line":77,"column":243}},"77":{"start":{"line":78,"column":0},"end":{"line":78,"column":13}},"96":{"start":{"line":97,"column":0},"end":{"line":97,"column":22}},"112":{"start":{"line":113,"column":0},"end":{"line":113,"column":17}},"113":{"start":{"line":114,"column":0},"end":{"line":114,"column":227}},"114":{"start":{"line":115,"column":0},"end":{"line":115,"column":17}},"115":{"start":{"line":116,"column":0},"end":{"line":116,"column":159}},"116":{"start":{"line":117,"column":0},"end":{"line":117,"column":4}},"117":{"start":{"line":118,"column":0},"end":{"line":118,"column":2}},"119":{"start":{"line":120,"column":0},"end":{"line":120,"column":59}},"120":{"start":{"line":121,"column":0},"end":{"line":121,"column":37}},"121":{"start":{"line":122,"column":0},"end":{"line":122,"column":56}},"123":{"start":{"line":124,"column":0},"end":{"line":124,"column":24}},"124":{"start":{"line":125,"column":0},"end":{"line":125,"column":12}},"125":{"start":{"line":126,"column":0},"end":{"line":126,"column":63}},"126":{"start":{"line":127,"column":0},"end":{"line":127,"column":74}},"128":{"start":{"line":129,"column":0},"end":{"line":129,"column":13}},"129":{"start":{"line":130,"column":0},"end":{"line":130,"column":61}},"132":{"start":{"line":133,"column":0},"end":{"line":133,"column":12}},"133":{"start":{"line":134,"column":0},"end":{"line":134,"column":13}},"134":{"start":{"line":135,"column":0},"end":{"line":135,"column":37}},"135":{"start":{"line":136,"column":0},"end":{"line":136,"column":98}},"136":{"start":{"line":137,"column":0},"end":{"line":137,"column":9}},"138":{"start":{"line":139,"column":0},"end":{"line":139,"column":15}},"139":{"start":{"line":140,"column":0},"end":{"line":140,"column":12}},"141":{"start":{"line":142,"column":0},"end":{"line":142,"column":3}},"143":{"start":{"line":144,"column":0},"end":{"line":144,"column":10}},"144":{"start":{"line":145,"column":0},"end":{"line":145,"column":49}},"145":{"start":{"line":146,"column":0},"end":{"line":146,"column":79}},"146":{"start":{"line":147,"column":0},"end":{"line":147,"column":50}},"147":{"start":{"line":148,"column":0},"end":{"line":148,"column":11}},"148":{"start":{"line":149,"column":0},"end":{"line":149,"column":76}},"149":{"start":{"line":150,"column":0},"end":{"line":150,"column":10}},"151":{"start":{"line":152,"column":0},"end":{"line":152,"column":1}},"153":{"start":{"line":154,"column":0},"end":{"line":154,"column":33}},"154":{"start":{"line":155,"column":0},"end":{"line":155,"column":38}},"155":{"start":{"line":156,"column":0},"end":{"line":156,"column":2}}},"s":{"0":1,"1":1,"3":1,"5":1,"6":1,"7":1,"8":1,"9":1,"16":1,"25":1,"26":1,"27":1,"28":1,"29":1,"30":1,"31":1,"32":1,"39":1,"47":1,"48":1,"49":1,"50":1,"51":1,"52":1,"53":1,"54":1,"55":1,"62":1,"70":1,"71":1,"72":1,"73":1,"74":1,"75":1,"76":1,"77":1,"96":1,"112":1,"113":1,"114":1,"115":1,"116":1,"117":1,"119":4,"120":4,"121":4,"123":4,"124":2,"125":2,"126":2,"128":2,"129":2,"132":2,"133":2,"134":2,"135":2,"136":2,"138":2,"139":2,"141":2,"143":2,"144":2,"145":2,"146":2,"147":2,"148":2,"149":2,"151":2,"153":1,"154":1,"155":1},"branchMap":{"0":{"type":"branch","line":120,"loc":{"start":{"line":120,"column":0},"end":{"line":152,"column":1}},"locations":[{"start":{"line":120,"column":0},"end":{"line":152,"column":1}}]},"1":{"type":"branch","line":124,"loc":{"start":{"line":124,"column":23},"end":{"line":152,"column":1}},"locations":[{"start":{"line":124,"column":23},"end":{"line":152,"column":1}}]}},"b":{"0":[4],"1":[2]},"fnMap":{"0":{"name":"ExerciseDisplayPage","decl":{"start":{"line":120,"column":0},"end":{"line":152,"column":1}},"loc":{"start":{"line":120,"column":0},"end":{"line":152,"column":1}},"line":120}},"f":{"0":4}}
,"/app/src/pages/ExercisesPage.jsx": {"path":"/app/src/pages/ExercisesPage.jsx","all":false,"statementMap":{"0":{"start":{"line":1,"column":0},"end":{"line":1,"column":47}},"1":{"start":{"line":2,"column":0},"end":{"line":2,"column":55}},"3":{"start":{"line":4,"column":0},"end":{"line":4,"column":41}},"4":{"start":{"line":5,"column":0},"end":{"line":5,"column":33}},"5":{"start":{"line":6,"column":0},"end":{"line":6,"column":21}},"6":{"start":{"line":7,"column":0},"end":{"line":7,"column":5}},"7":{"start":{"line":8,"column":0},"end":{"line":8,"column":12}},"8":{"start":{"line":9,"column":0},"end":{"line":9,"column":51}},"9":{"start":{"line":10,"column":0},"end":{"line":10,"column":52}},"10":{"start":{"line":11,"column":0},"end":{"line":11,"column":18}},"11":{"start":{"line":12,"column":0},"end":{"line":12,"column":77}},"12":{"start":{"line":13,"column":0},"end":{"line":13,"column":6}},"13":{"start":{"line":14,"column":0},"end":{"line":14,"column":5}},"14":{"start":{"line":15,"column":0},"end":{"line":15,"column":12}},"15":{"start":{"line":16,"column":0},"end":{"line":16,"column":51}},"16":{"start":{"line":17,"column":0},"end":{"line":17,"column":37}},"17":{"start":{"line":18,"column":0},"end":{"line":18,"column":55}},"18":{"start":{"line":19,"column":0},"end":{"line":19,"column":6}},"19":{"start":{"line":20,"column":0},"end":{"line":20,"column":5}},"20":{"start":{"line":21,"column":0},"end":{"line":21,"column":12}},"21":{"start":{"line":22,"column":0},"end":{"line":22,"column":54}},"22":{"start":{"line":23,"column":0},"end":{"line":23,"column":37}},"23":{"start":{"line":24,"column":0},"end":{"line":24,"column":54}},"24":{"start":{"line":25,"column":0},"end":{"line":25,"column":6}},"25":{"start":{"line":26,"column":0},"end":{"line":26,"column":5}},"26":{"start":{"line":27,"column":0},"end":{"line":27,"column":12}},"27":{"start":{"line":28,"column":0},"end":{"line":28,"column":39}},"28":{"start":{"line":29,"column":0},"end":{"line":29,"column":37}},"29":{"start":{"line":30,"column":0},"end":{"line":30,"column":51}},"30":{"start":{"line":31,"column":0},"end":{"line":31,"column":6}},"31":{"start":{"line":32,"column":0},"end":{"line":32,"column":4}},"33":{"start":{"line":34,"column":0},"end":{"line":34,"column":10}},"34":{"start":{"line":35,"column":0},"end":{"line":35,"column":43}},"35":{"start":{"line":36,"column":0},"end":{"line":36,"column":79}},"36":{"start":{"line":37,"column":0},"end":{"line":37,"column":24}},"37":{"start":{"line":38,"column":0},"end":{"line":38,"column":11}},"38":{"start":{"line":39,"column":0},"end":{"line":39,"column":33}},"39":{"start":{"line":40,"column":0},"end":{"line":40,"column":38}},"40":{"start":{"line":41,"column":0},"end":{"line":41,"column":14}},"41":{"start":{"line":42,"column":0},"end":{"line":42,"column":29}},"42":{"start":{"line":43,"column":0},"end":{"line":43,"column":118}},"44":{"start":{"line":45,"column":0},"end":{"line":45,"column":132}},"45":{"start":{"line":46,"column":0},"end":{"line":46,"column":39}},"46":{"start":{"line":47,"column":0},"end":{"line":47,"column":18}},"47":{"start":{"line":48,"column":0},"end":{"line":48,"column":37}},"48":{"start":{"line":49,"column":0},"end":{"line":49,"column":53}},"49":{"start":{"line":50,"column":0},"end":{"line":50,"column":49}},"51":{"start":{"line":52,"column":0},"end":{"line":52,"column":34}},"52":{"start":{"line":53,"column":0},"end":{"line":53,"column":20}},"54":{"start":{"line":55,"column":0},"end":{"line":55,"column":63}},"55":{"start":{"line":56,"column":0},"end":{"line":56,"column":34}},"56":{"start":{"line":57,"column":0},"end":{"line":57,"column":23}},"58":{"start":{"line":59,"column":0},"end":{"line":59,"column":17}},"59":{"start":{"line":60,"column":0},"end":{"line":60,"column":65}},"60":{"start":{"line":61
[...]
end":{"line":8,"column":70}},"8":{"start":{"line":9,"column":0},"end":{"line":9,"column":61}},"9":{"start":{"line":10,"column":0},"end":{"line":10,"column":81}},"10":{"start":{"line":11,"column":0},"end":{"line":11,"column":51}},"11":{"start":{"line":12,"column":0},"end":{"line":12,"column":40}},"12":{"start":{"line":13,"column":0},"end":{"line":13,"column":58}},"13":{"start":{"line":14,"column":0},"end":{"line":14,"column":93}},"16":{"start":{"line":17,"column":0},"end":{"line":17,"column":40}},"17":{"start":{"line":18,"column":0},"end":{"line":18,"column":46}},"18":{"start":{"line":19,"column":0},"end":{"line":19,"column":26}},"19":{"start":{"line":20,"column":0},"end":{"line":20,"column":4}},"22":{"start":{"line":23,"column":0},"end":{"line":23,"column":42}},"23":{"start":{"line":24,"column":0},"end":{"line":24,"column":80}},"25":{"start":{"line":26,"column":0},"end":{"line":26,"column":30}},"26":{"start":{"line":27,"column":0},"end":{"line":27,"column":26}},"27":{"start":{"line":28,"column":0},"end":{"line":28,"column":51}},"28":{"start":{"line":29,"column":0},"end":{"line":29,"column":25}},"29":{"start":{"line":30,"column":0},"end":{"line":30,"column":45}},"30":{"start":{"line":31,"column":0},"end":{"line":31,"column":12}},"31":{"start":{"line":32,"column":0},"end":{"line":32,"column":26}},"32":{"start":{"line":33,"column":0},"end":{"line":33,"column":5}},"33":{"start":{"line":34,"column":0},"end":{"line":34,"column":4}},"36":{"start":{"line":37,"column":0},"end":{"line":37,"column":19}},"37":{"start":{"line":38,"column":0},"end":{"line":38,"column":56}},"38":{"start":{"line":39,"column":0},"end":{"line":39,"column":44}},"39":{"start":{"line":40,"column":0},"end":{"line":40,"column":5}},"40":{"start":{"line":41,"column":0},"end":{"line":41,"column":21}},"43":{"start":{"line":44,"column":0},"end":{"line":44,"column":36}},"44":{"start":{"line":45,"column":0},"end":{"line":45,"column":28}},"45":{"start":{"line":46,"column":0},"end":{"line":46,"column":23}},"46":{"start":{"line":47,"column":0},"end":{"line":47,"column":27}},"47":{"start":{"line":48,"column":0},"end":{"line":48,"column":58}},"48":{"start":{"line":49,"column":0},"end":{"line":49,"column":60}},"49":{"start":{"line":50,"column":0},"end":{"line":50,"column":12}},"50":{"start":{"line":51,"column":0},"end":{"line":51,"column":54}},"51":{"start":{"line":52,"column":0},"end":{"line":52,"column":5}},"52":{"start":{"line":53,"column":0},"end":{"line":53,"column":4}},"54":{"start":{"line":55,"column":0},"end":{"line":55,"column":35}},"55":{"start":{"line":56,"column":0},"end":{"line":56,"column":31}},"56":{"start":{"line":57,"column":0},"end":{"line":57,"column":28}},"57":{"start":{"line":58,"column":0},"end":{"line":58,"column":23}},"58":{"start":{"line":59,"column":0},"end":{"line":59,"column":16}},"59":{"start":{"line":60,"column":0},"end":{"line":60,"column":27}},"60":{"start":{"line":61,"column":0},"end":{"line":61,"column":28}},"61":{"start":{"line":62,"column":0},"end":{"line":62,"column":4}},"63":{"start":{"line":64,"column":0},"end":{"line":64,"column":22}},"64":{"start":{"line":65,"column":0},"end":{"line":65,"column":12}},"65":{"start":{"line":66,"column":0},"end":{"line":66,"column":52}},"66":{"start":{"line":67,"column":0},"end":{"line":67,"column":88}},"67":{"start":{"line":68,"column":0},"end":{"line":68,"column":80}},"68":{"start":{"line":69,"column":0},"end":{"line":69,"column":32}},"69":{"start":{"line":70,"column":0},"end":{"line":70,"column":15}},"70":{"start":{"line":71,"column":0},"end":{"line":71,"column":71}},"71":{"start":{"line":72,"column":0},"end":{"line":72,"column":29}},"72":{"start":{"line":73,"column":0},"end":{"line":73,"column":27}},"73":{"start":{"line":74,"column":0},"end":{"line":74,"column":51}},"74":{"start":{"line":75,"column":0},"end":{"line":75,"column":15}},"75":{"start":{"line":76,"column":0},"end":{"line":76,"column":14}},"76":{"start":{"line":77,"column":0},"end":{"line":77,"column":17}},"77":{"start":{"line":78,"column":0},"end":{"line":78,"column":39}},"78":{"start":{"line":79,"column":0},"end":{"line":79,"column":107}},"81":{"start":{"line":82,"column":0},"end":{"line":82,"column":30}},"82":{"start":{"line":83,"column":0},"end":{"line":83,"column":19}},"83":{"start":{"line":84,"column":0},"end":{"line":84,"column":14}},"84":{"start":{"line":85,"column":0},"end":{"line":85,"column":12}},"86":{"start":{"line":87,"column":0},"end":{"line":87,"column":3}},"88":{"start":{"line":89,"column":0},"end":{"line":89,"column":25}},"91":{"start":{"line":92,"column":0},"end":{"line":92,"column":12}},"92":{"start":{"line":93,"column":0},"end":{"line":93,"column":92}},"93":{"start":{"line":94,"column":0},"end":{"line":94,"column":64}},"94":{"start":{"line":95,"column":0},"end":{"line":95,"column":80}},"95":{"start":{"line":96,"column":0},"end":{"line":96,"column":12}},"96":{"start":{"line":97,"column":0},"end":{"line":97,"column":12}},"98":{"start":{"line":99,"column":0},"end":{"line":99,"column":3}},"100":{"start":{"line":101,"column":0},"end":{"line":101,"column":10}},"101":{"start":{"line":102,"column":0},"end":{"line":102,"column":50}},"102":{"start":{"line":103,"column":0},"end":{"line":103,"column":74}},"104":{"start":{"line":105,"column":0},"end":{"line":105,"column":30}},"105":{"start":{"line":106,"column":0},"end":{"line":106,"column":94}},"106":{"start":{"line":107,"column":0},"end":{"line":107,"column":18}},"107":{"start":{"line":108,"column":0},"end":{"line":108,"column":35}},"108":{"start":{"line":109,"column":0},"end":{"line":109,"column":50}},"109":{"start":{"line":110,"column":0},"end":{"line":110,"column":44}},"110":{"start":{"line":111,"column":0},"end":{"line":111,"column":17}},"111":{"start":{"line":112,"column":0},"end":{"line":112,"column":19}},"112":{"start":{"line":113,"column":0},"end":{"line":113,"column":60}},"113":{"start":{"line":114,"column":0},"end":{"line":114,"column":16}},"114":{"start":{"line":115,"column":0},"end":{"line":115,"column":14}},"115":{"start":{"line":116,"column":0},"end":{"line":116,"column":78}},"116":{"start":{"line":117,"column":0},"end":{"line":117,"column":30}},"117":{"start":{"line":118,"column":0},"end":{"line":118,"column":29}},"118":{"start":{"line":119,"column":0},"end":{"line":119,"column":48}},"119":{"start":{"line":120,"column":0},"end":{"line":120,"column":52}},"120":{"start":{"line":121,"column":0},"end":{"line":121,"column":48}},"121":{"start":{"line":122,"column":0},"end":{"line":122,"column":48}},"122":{"start":{"line":123,"column":0},"end":{"line":123,"column":42}},"123":{"start":{"line":124,"column":0},"end":{"line":124,"column":15}},"124":{"start":{"line":125,"column":0},"end":{"line":125,"column":80}},"126":{"start":{"line":127,"column":0},"end":{"line":127,"column":16}},"127":{"start":{"line":128,"column":0},"end":{"line":128,"column":56}},"128":{"start":{"line":129,"column":0},"end":{"line":129,"column":22}},"129":{"start":{"line":130,"column":0},"end":{"line":130,"column":87}},"130":{"start":{"line":131,"column":0},"end":{"line":131,"column":16}},"131":{"start":{"line":132,"column":0},"end":{"line":132,"column":19}},"132":{"start":{"line":133,"column":0},"end":{"line":133,"column":16}},"133":{"start":{"line":134,"column":0},"end":{"line":134,"column":14}},"135":{"start":{"line":136,"column":0},"end":{"line":136,"column":30}},"139":{"start":{"line":140,"column":0},"end":{"line":140,"column":85}},"140":{"start":{"line":141,"column":0},"end":{"line":141,"column":64}},"141":{"start":{"line":142,"column":0},"end":{"line":142,"column":14}},"142":{"start":{"line":143,"column":0},"end":{"line":143,"column":40}},"143":{"start":{"line":144,"column":0},"end":{"line":144,"column":179}},"144":{"start":{"line":145,"column":0},"end":{"line":145,"column":53}},"145":{"start":{"line":146,"column":0},"end":{"line":146,"column":18}},"147":{"start":{"line":148,"column":0},"end":{"line":148,"column":14}},"149":{"start":{"line":150,"column":0},"end":{"line":150,"column":40}},"150":{"start":{"line":151,"column":0},"end":{"line":151,"column":59}},"151":{"start":{"line":152,"column":0},"end":{"line":152,"column":19}},"152":{"start":{"line":153,"column":0},"end":{"line":153,"column":25}},"153":{"start":{"line":154,"column":0},"end":{"line":154,"column":56}},"154":{"start":{"line":155,"column":0},"end":{"line":155,"column":37}},"155":{"start":{"line":156,"column":0},"end":{"line":156,"column":64}},"160":{"start":{"line":161,"column":0},"end":{"line":161,"column":40}},"161":{"start":{"line":162,"column":0},"end":{"line":162,"column":72}},"162":{"start":{"line":163,"column":0},"end":{"line":163,"column":155}},"163":{"start":{"line":164,"column":0},"end":{"line":164,"column":59}},"164":{"start":{"line":165,"column":0},"end":{"line":165,"column":143}},"165":{"start":{"line":166,"column":0},"end":{"line":166,"column":146}},"166":{"start":{"line":167,"column":0},"end":{"line":167,"column":189}},"167":{"start":{"line":168,"column":0},"end":{"line":168,"column":27}},"170":{"start":{"line":171,"column":0},"end":{"line":171,"column":22}},"171":{"start":{"line":172,"column":0},"end":{"line":172,"column":21}},"172":{"start":{"line":173,"column":0},"end":{"line":173,"column":13}},"173":{"start":{"line":174,"column":0},"end":{"line":174,"column":14}},"175":{"start":{"line":176,"column":0},"end":{"line":176,"column":26}},"176":{"start":{"line":177,"column":0},"end":{"line":177,"column":14}},"177":{"start":{"line":178,"column":0},"end":{"line":178,"column":208}},"178":{"start":{"line":179,"column":0},"end":{"line":179,"column":49}},"180":{"start":{"line":181,"column":0},"end":{"line":181,"column":22}},"181":{"start":{"line":182,"column":0},"end":{"line":182,"column":39}},"182":{"start":{"line":183,"column":0},"end":{"line":183,"column":40}},"183":{"start":{"line":184,"column":0},"end":{"line":184,"column":63}},"184":{"start":{"line":185,"column":0},"end":{"line":185,"column":19}},"185":{"start":{"line":186,"column":0},"end":{"line":186,"column":16}},"188":{"start":{"line":189,"column":0},"end":{"line":189,"column":15}},"189":{"start":{"line":190,"column":0},"end":{"line":190,"column":50}},"190":{"start":{"line":191,"column":0},"end":{"line":191,"column":38}},"191":{"start":{"line":192,"column":0},"end":{"line":192,"column":34}},"192":{"start":{"line":193,"column":0},"end":{"line":193,"column":110}},"196":{"start":{"line":197,"column":0},"end":{"line":197,"column":60}},"197":{"start":{"line":198,"column":0},"end":{"line":198,"column":30}},"198":{"start":{"line":199,"column":0},"end":{"line":199,"column":32}},"199":{"start":{"line":200,"column":0},"end":{"line":200,"column":17}},"200":{"start":{"line":201,"column":0},"end":{"line":201,"column":12}},"201":{"start":{"line":202,"column":0},"end":{"line":202,"column":10}},"203":{"start":{"line":204,"column":0},"end":{"line":204,"column":1}}},"s":{"0":1,"1":1,"3":1,"5":28,"6":28,"7":28,"8":28,"9":28,"10":28,"11":28,"12":28,"13":28,"16":28,"17":28,"18":28,"19":28,"22":28,"23":10,"25":10,"26":10,"27":10,"28":1,"29":1,"30":10,"31":9,"32":9,"33":10,"36":28,"37":27,"38":10,"39":10,"40":28,"43":28,"44":8,"45":8,"46":8,"47":8,"48":6,"49":8,"50":2,"51":2,"52":8,"54":28,"55":1,"56":1,"57":1,"58":1,"59":1,"60":1,"61":1,"63":28,"64":2,"65":2,"66":2,"67":2,"68":2,"69":2,"70":2,"71":2,"72":2,"73":2,"74":2,"75":2,"76":2,"77":2,"78":2,"81":2,"82":2,"83":2,"84":2,"86":2,"88":28,"91":1,"92":1,"93":1,"94":1,"95":1,"96":1,"98":1,"100":25,"101":25,"102":25,"104":25,"105":25,"106":25,"107":25,"108":25,"109":25,"110":25,"111":25,"112":25,"113":25,"114":25,"115":25,"116":25,"117":25,"118":25,"119":25,"120":25,"121":25,"122":25,"123":25,"124":25,"126":25,"127":25,"128":25,"129":25,"130":25,"131":25,"132":25,"133":25,"135":25,"139":25,"140":25,"141":25,"142":25,"143":15,"144":15,"145":15,"147":28,"149":28,"150":28,"151":100,"152":100,"153":100,"154":100,"155":100,"160":100,"161":40,"162":10,"163":30,"164":9,"165":21,"166":60,"167":100,"170":100,"171":100,"172":28,"173":28,"175":28,"176":10,"177":10,"178":10,"180":10,"181":1,"182":9,"183":9,"184":9,"185":10,"188":28,"189":28,"190":28,"191":28,"192":28,"196":28,"197":4,"198":21,"199":28,"200":28,"201":28,"203":28},"branchMap":{"0":{"type":"branch","line":6,"loc":{"start":{"line":6,"column":0},"end":{"line":204,"column":1}},"locations":[{"start":{"line":6,"column":0},"end":{"line":204,"column":1}}]},"1":{"type":"branch","line":64,"loc":{"start":{"line":64,"column":21},"end":{"line":87,"column":3}},"locations":[{"start":{"line":64,"column":21},"end":{"line":87,"column":3}}]},"2":{"type":"branch","line":87,"loc":{"start":{"line":87,"column":2},"end":{"line":89,"column":24}},"locations":[{"start":{"line":87,"column":2},"end":{"line":89,"column":24}}]},"3":{"type":"branch","line":89,"loc":{"start":{"line":89,"column":24},"end":{"line":99,"column":3}},"locations":[{"start":{"line":89,"column":24},"end":{"line":99,"column":3}}]},"4":{"type":"branch","line":95,"loc":{"start":{"line":95,"column":59},"end":{"line":95,"column":80}},"locations":[{"start":{"line":95,"column":59},"end":{"line":95,"column":80}}]},"5":{"type":"branch","line":99,"loc":{"start":{"line":99,"column":2},"end":{"line":143,"column":40}},"locations":[{"start":{"line":99,"column":2},"end":{"line":143,"column":40}}]},"6":{"type":"branch","line":143,"loc":{"start":{"line":143,"column":27},"end":{"line":146,"column":18}},"locations":[{"start":{"line":143,"column":27},"end":{"line":146,"column":18}}]},"7":{"type":"branch","line":176,"loc":{"start":{"line":176,"column":9},"end":{"line":186,"column":16}},"locations":[{"start":{"line":176,"column":9},"end":{"line":186,"column":16}}]},"8":{"type":"branch","line":178,"loc":{"start":{"line":178,"column":66},"end":{"line":178,"column":147}},"locations":[{"start":{"line":178,"column":66},"end":{"line":178,"column":147}}]},"9":{"type":"branch","line":178,"loc":{"start":{"line":178,"column":78},"end":{"line":178,"column":205}},"locations":[{"start":{"line":178,"column":78},"end":{"line":178,"column":205}}]},"10":{"type":"branch","line":181,"loc":{"start":{"line":181,"column":13},"end":{"line":182,"column":39}},"locations":[{"start":{"line":181,"column":13},"end":{"line":182,"column":39}}]},"11":{"type":"branch","line":182,"loc":{"start":{"line":182,"column":38},"end":{"line":185,"column":19}},"locations":[{"start":{"line":182,"column":38},"end":{"line":185,"column":19}}]},"12":{"type":"branch","line":197,"loc":{"start":{"line":197,"column":59},"end":{"line":198,"column":30}},"locations":[{"start":{"line":197,"column":59},"end":{"line":198,"column":30}}]},"13":{"type":"branch","line":198,"loc":{"start":{"line":198,"column":29},"end":{"line":199,"column":32}},"locations":[{"start":{"line":198,"column":29},"end":{"line":199,"column":32}}]},"14":{"type":"branch","line":18,"loc":{"start":{"line":18,"column":4},"end":{"line":18,"column":46}},"locations":[{"start":{"line":18,"column":4},"end":{"line":18,"column":46}}]},"15":{"type":"branch","line":23,"loc":{"start":{"line":23,"column":29},"end":{"line":34,"column":4}},"locations":[{"start":{"line":23,"column":29},"end":{"line":34,"column":4}}]},"16":{"type":"branch","line":24,"loc":{"start":{"line":24,"column":22},"end":{"line":24,"column":80}},"locations":[{"start":{"line":24,"column":22},"end":{"line":24,"column":80}}]},"17":{"type":"branch","line":28,"loc":{"start":{"line":28,"column":50},"end":{"line":31,"column":11}},"locations":[{"start":{"line":28,"column":50},"end":{"line":31,"column":11}}]},"18":{"type":"branch","line":31,"loc":{"start":{"line":31,"column":4},"end":{"line":33,"column":5}},"locations":[{"start":{"line":31,"column":4},"end":{"line":33,"column":5}}]},"19":{"type":"branch","line":30,"loc":{"start":{"line":30,"column":15},"end":{"line":30,"column":43}},"locations":[{"start":{"line":30,"column":15},"end":{"line":30,"column":43}}]},"20":{"type":"branch","line":37,"loc":{"start":{"line":37,"column":12},"end":{"line":41,"column":5}},"locations":[{"start":{"line":37,"column":12},"end":{"line":41,"column":5}}]},"21":{"type":"branch","line":38,"loc":{"start":{"line":38,"column":8},"end":{"line":38,"column":55}},"locations":[{"start":{"line":38,"column":8},"end":{"line":38,"column":55}}]},"22":{"type":"branch","line":38,"loc":{"start":{"line":38,"column":55},"end":{"line":40,"column":5}},"locations":[{"start":{"line":38,"column":55},"end":{"line":40,"column":5}}]},"23":{"type":"branch","line":44,"loc":{"start":{"line":44,"column":29},"end":{"line":53,"column":4}},"locations":[{"start":{"line":44,"column":29},"end":{"line":53,"column":4}}]},"24":{"type":"branch","line":48,"loc":{"start":{"line":48,"column":57},"end":{"line":50,"column":11}},"locations":[{"start":{"line":48,"column":57},"end":{"line":50,"column":11}}]},"25":{"type":"branch","line":50,"loc":{"start":{"line":50,"column":4},"end":{"line":52,"column":5}},"locations":[{"start":{"line":50,"column":4},"end":{"line":52,"column":5}}]},"26":{"type":"branch","line":49,"loc":{"start":{"line":49,"column":30},"end":{"line":49,"column":58}},"locations":[{"start":{"line":49,"column":30},"end":{"line":49,"column":58}}]},"27":{"type":"branch","line":55,"loc":{"start":{"line":55,"column":28},"end":{"line":62,"column":4}},"locations":[{"start":{"line":55,"column":28},"end":{"line":62,"column":4}}]},"28":{"type":"branch","line":151,"loc":{"start":{"line":151,"column":39},"end":{"line":172,"column":21}},"locations":[{"start":{"line":151,"column":39},"end":{"line":172,"column":21}}]},"29":{"type":"branch","line":161,"loc":{"start":{"line":161,"column":28},"end":{"line":166,"column":146}},"locations":[{"start":{"line":161,"column":28},"end":{"line":166,"column":146}}]},"30":{"type":"branch","line":162,"loc":{"start":{"line":162,"column":59},"end":{"line":163,"column":155}},"locations":[{"start":{"line":162,"column":59},"end":{"line":163,"column":155}}]},"31":{"type":"branch","line":163,"loc":{"start":{"line":163,"column":34},"end":{"line":166,"column":146}},"locations":[{"start":{"line":163,"column":34},"end":{"line":166,"column":146}}]},"32":{"type":"branch","line":164,"loc":{"start":{"line":164,"column":53},"end":{"line":165,"column":143}},"locations":[{"start":{"line":164,"column":53},"end":{"line":165,"column":143}}]},"33":{"type":"branch","line":165,"loc":{"start":{"line":165,"column":36},"end":{"line":166,"column":146}},"locations":[{"start":{"line":165,"column":36},"end":{"line":166,"column":146}}]},"34":{"type":"branch","line":166,"loc":{"start":{"line":166,"column":36},"end":{"line":167,"column":189}},"locations":[{"start":{"line":166,"column":36},"end":{"line":167,"column":189}}]},"35":{"type":"branch","line":154,"loc":{"start":{"line":154,"column":23},"end":{"line":154,"column":56}},"locations":[{"start":{"line":154,"column":23},"end":{"line":154,"column":56}}]}},"b":{"0":[28],"1":[2],"2":[26],"3":[1],"4":[0],"5":[25],"6":[15],"7":[10],"8":[1],"9":[9],"10":[1],"11":[9],"12":[4],"13":[21],"14":[16],"15":[10],"16":[0],"17":[1],"18":[9],"19":[1],"20":[27],"21":[10],"22":[10],"23":[8],"24":[6],"25":[2],"26":[6],"27":[1],"28":[100],"29":[40],"30":[10],"31":[30],"32":[9],"33":[21],"34":[60],"35":[10]},"fnMap":{"0":{"name":"QuizPage","decl":{"start":{"line":6,"column":0},"end":{"line":204,"column":1}},"loc":{"start":{"line":6,"column":0},"end":{"line":204,"column":1}},"line":6},"1":{"name":"handleAnswerSelect","decl":{"start":{"line":23,"column":29},"end":{"line":34,"column":4}},"loc":{"start":{"line":23,"column":29},"end":{"line":34,"column":4}},"line":23},"2":{"name":"handleNextQuestion","decl":{"start":{"line":44,"column":29},"end":{"line":53,"column":4}},"loc":{"start":{"line":44,"column":29},"end":{"line":53,"column":4}},"line":44},"3":{"name":"handleRestartQuiz","decl":{"start":{"line":55,"column":28},"end":{"line":62,"column":4}},"loc":{"start":{"line":55,"column":28},"end":{"line":62,"column":4}},"line":55},"4":{"name":"onClick","decl":{"start":{"line":154,"column":23},"end":{"line":154,"column":56}},"loc":{"start":{"line":154,"column":23},"end":{"line":154,"column":56}},"line":154}},"f":{"0":28,"1":10,"2":8,"3":1,"4":10}}
}
